**************************************************************************************************************************
 日志时间 ： 2021-02-03 10:12:05.6615 
 日志来源 ： Quartz.Simpl.TaskSchedulingThreadPool 
 日志级别 ： DEBUG 
 日志内容 ： TaskSchedulingThreadPool configured with max concurrency of 10 and TaskScheduler ThreadPoolTaskScheduler.

**************************************************************************************************************************
 日志时间 ： 2021-02-03 10:12:05.9340 
 日志来源 ： TaiheSystem.CBE.Api.Tasks.HostedService.Job1TimedService 
 日志级别 ： DEBUG 
 日志内容 ： Run RemoveExpiredSession Succeed.

**************************************************************************************************************************
 日志时间 ： 2021-02-03 10:14:17.0110 
 日志来源 ： TaiheSystem.CBE.Api.Tasks.HostedService.Job1TimedService 
 日志级别 ： DEBUG 
 日志内容 ： Run RemoveExpiredSession Succeed.

**************************************************************************************************************************
 日志时间 ： 2021-02-03 10:14:17.0495 
 日志来源 ： Quartz.Simpl.TaskSchedulingThreadPool 
 日志级别 ： DEBUG 
 日志内容 ： TaskSchedulingThreadPool configured with max concurrency of 10 and TaskScheduler ThreadPoolTaskScheduler.

**************************************************************************************************************************
 日志时间 ： 2021-02-03 10:15:24.1544 
 日志来源 ： Quartz.Simpl.TaskSchedulingThreadPool 
 日志级别 ： DEBUG 
 日志内容 ： TaskSchedulingThreadPool configured with max concurrency of 10 and TaskScheduler ThreadPoolTaskScheduler.

**************************************************************************************************************************
 日志时间 ： 2021-02-03 10:15:24.2650 
 日志来源 ： TaiheSystem.CBE.Api.Tasks.HostedService.Job1TimedService 
 日志级别 ： DEBUG 
 日志内容 ： Run RemoveExpiredSession Succeed.

**************************************************************************************************************************
 日志时间 ： 2021-02-03 10:16:30.1328 
 日志来源 ： TaiheSystem.CBE.Api.Tasks.HostedService.Job1TimedService 
 日志级别 ： DEBUG 
 日志内容 ： Run RemoveExpiredSession Succeed.

**************************************************************************************************************************
 日志时间 ： 2021-02-03 10:16:30.1328 
 日志来源 ： Quartz.Simpl.TaskSchedulingThreadPool 
 日志级别 ： DEBUG 
 日志内容 ： TaskSchedulingThreadPool configured with max concurrency of 10 and TaskScheduler ThreadPoolTaskScheduler.

**************************************************************************************************************************
 日志时间 ： 2021-02-03 10:17:31.6081 
 日志来源 ： TaiheSystem.CBE.Api.Tasks.HostedService.Job1TimedService 
 日志级别 ： DEBUG 
 日志内容 ： Run RemoveExpiredSession Succeed.

**************************************************************************************************************************
 日志时间 ： 2021-02-03 10:17:31.6297 
 日志来源 ： Quartz.Simpl.TaskSchedulingThreadPool 
 日志级别 ： DEBUG 
 日志内容 ： TaskSchedulingThreadPool configured with max concurrency of 10 and TaskScheduler ThreadPoolTaskScheduler.

**************************************************************************************************************************
 日志时间 ： 2021-02-03 10:19:32.4009 
 日志来源 ： TaiheSystem.CBE.Api.Tasks.HostedService.Job1TimedService 
 日志级别 ： DEBUG 
 日志内容 ： Run RemoveExpiredSession Succeed.

**************************************************************************************************************************
 日志时间 ： 2021-02-03 10:19:32.4098 
 日志来源 ： Quartz.Simpl.TaskSchedulingThreadPool 
 日志级别 ： DEBUG 
 日志内容 ： TaskSchedulingThreadPool configured with max concurrency of 10 and TaskScheduler ThreadPoolTaskScheduler.

**************************************************************************************************************************
 日志时间 ： 2021-02-03 10:22:15.3162 
 日志来源 ： Quartz.Simpl.TaskSchedulingThreadPool 
 日志级别 ： DEBUG 
 日志内容 ： TaskSchedulingThreadPool configured with max concurrency of 10 and TaskScheduler ThreadPoolTaskScheduler.

**************************************************************************************************************************
 日志时间 ： 2021-02-03 10:22:15.3162 
 日志来源 ： TaiheSystem.CBE.Api.Tasks.HostedService.Job1TimedService 
 日志级别 ： DEBUG 
 日志内容 ： Run RemoveExpiredSession Succeed.

**************************************************************************************************************************
 日志时间 ： 2021-02-03 10:25:04.7465 
 日志来源 ： Quartz.Simpl.TaskSchedulingThreadPool 
 日志级别 ： DEBUG 
 日志内容 ： TaskSchedulingThreadPool configured with max concurrency of 10 and TaskScheduler ThreadPoolTaskScheduler.

**************************************************************************************************************************
 日志时间 ： 2021-02-03 10:25:04.8676 
 日志来源 ： TaiheSystem.CBE.Api.Tasks.HostedService.Job1TimedService 
 日志级别 ： DEBUG 
 日志内容 ： Run RemoveExpiredSession Succeed.

**************************************************************************************************************************
 日志时间 ： 2021-02-03 10:30:04.3151 
 日志来源 ： TaiheSystem.CBE.Api.Tasks.HostedService.Job1TimedService 
 日志级别 ： DEBUG 
 日志内容 ： Run RemoveExpiredSession Succeed.

**************************************************************************************************************************
 日志时间 ： 2021-02-03 10:55:36.3470 
 日志来源 ： Quartz.Simpl.TaskSchedulingThreadPool 
 日志级别 ： DEBUG 
 日志内容 ： TaskSchedulingThreadPool configured with max concurrency of 10 and TaskScheduler ThreadPoolTaskScheduler.

**************************************************************************************************************************
 日志时间 ： 2021-02-03 10:55:36.5055 
 日志来源 ： TaiheSystem.CBE.Api.Tasks.HostedService.Job1TimedService 
 日志级别 ： DEBUG 
 日志内容 ： Run RemoveExpiredSession Succeed.

**************************************************************************************************************************
 日志时间 ： 2021-02-03 11:04:38.5462 
 日志来源 ： Quartz.Simpl.TaskSchedulingThreadPool 
 日志级别 ： DEBUG 
 日志内容 ： TaskSchedulingThreadPool configured with max concurrency of 10 and TaskScheduler ThreadPoolTaskScheduler.

**************************************************************************************************************************
 日志时间 ： 2021-02-03 11:04:38.6266 
 日志来源 ： TaiheSystem.CBE.Api.Tasks.HostedService.Job1TimedService 
 日志级别 ： DEBUG 
 日志内容 ： Run RemoveExpiredSession Succeed.

**************************************************************************************************************************
 日志时间 ： 2021-02-03 11:09:38.1209 
 日志来源 ： TaiheSystem.CBE.Api.Tasks.HostedService.Job1TimedService 
 日志级别 ： DEBUG 
 日志内容 ： Run RemoveExpiredSession Succeed.

**************************************************************************************************************************
 日志时间 ： 2021-02-03 11:14:38.1343 
 日志来源 ： TaiheSystem.CBE.Api.Tasks.HostedService.Job1TimedService 
 日志级别 ： DEBUG 
 日志内容 ： Run RemoveExpiredSession Succeed.

**************************************************************************************************************************
 日志时间 ： 2021-02-03 11:19:38.2000 
 日志来源 ： TaiheSystem.CBE.Api.Tasks.HostedService.Job1TimedService 
 日志级别 ： DEBUG 
 日志内容 ： Run RemoveExpiredSession Succeed.

**************************************************************************************************************************
 日志时间 ： 2021-02-03 11:24:38.1241 
 日志来源 ： TaiheSystem.CBE.Api.Tasks.HostedService.Job1TimedService 
 日志级别 ： DEBUG 
 日志内容 ： Run RemoveExpiredSession Succeed.

**************************************************************************************************************************
 日志时间 ： 2021-02-03 14:02:34.9617 
 日志来源 ： Quartz.Simpl.TaskSchedulingThreadPool 
 日志级别 ： DEBUG 
 日志内容 ： TaskSchedulingThreadPool configured with max concurrency of 10 and TaskScheduler ThreadPoolTaskScheduler.

**************************************************************************************************************************
 日志时间 ： 2021-02-03 14:02:35.0712 
 日志来源 ： TaiheSystem.CBE.Api.Tasks.HostedService.Job1TimedService 
 日志级别 ： DEBUG 
 日志内容 ： Run RemoveExpiredSession Succeed.

**************************************************************************************************************************
 日志时间 ： 2021-02-03 14:12:14.7801 
 日志来源 ： Quartz.Simpl.TaskSchedulingThreadPool 
 日志级别 ： DEBUG 
 日志内容 ： TaskSchedulingThreadPool configured with max concurrency of 10 and TaskScheduler ThreadPoolTaskScheduler.

**************************************************************************************************************************
 日志时间 ： 2021-02-03 14:12:14.8858 
 日志来源 ： TaiheSystem.CBE.Api.Tasks.HostedService.Job1TimedService 
 日志级别 ： DEBUG 
 日志内容 ： Run RemoveExpiredSession Succeed.

**************************************************************************************************************************
 日志时间 ： 2021-02-03 14:30:56.8120 
 日志来源 ： Quartz.Simpl.TaskSchedulingThreadPool 
 日志级别 ： DEBUG 
 日志内容 ： TaskSchedulingThreadPool configured with max concurrency of 10 and TaskScheduler ThreadPoolTaskScheduler.

**************************************************************************************************************************
 日志时间 ： 2021-02-03 14:30:56.9114 
 日志来源 ： TaiheSystem.CBE.Api.Tasks.HostedService.Job1TimedService 
 日志级别 ： DEBUG 
 日志内容 ： Run RemoveExpiredSession Succeed.

**************************************************************************************************************************
 日志时间 ： 2021-02-03 14:35:56.3150 
 日志来源 ： TaiheSystem.CBE.Api.Tasks.HostedService.Job1TimedService 
 日志级别 ： DEBUG 
 日志内容 ： Run RemoveExpiredSession Succeed.

**************************************************************************************************************************
 日志时间 ： 2021-02-03 14:38:18.6130 
 日志来源 ： TaiheSystem.CBE.Api.Tasks.HostedService.Job1TimedService 
 日志级别 ： DEBUG 
 日志内容 ： Run RemoveExpiredSession Succeed.

**************************************************************************************************************************
 日志时间 ： 2021-02-03 14:38:18.6282 
 日志来源 ： Quartz.Simpl.TaskSchedulingThreadPool 
 日志级别 ： DEBUG 
 日志内容 ： TaskSchedulingThreadPool configured with max concurrency of 10 and TaskScheduler ThreadPoolTaskScheduler.

**************************************************************************************************************************
 日志时间 ： 2021-02-03 14:49:04.8708 
 日志来源 ： Quartz.Simpl.TaskSchedulingThreadPool 
 日志级别 ： DEBUG 
 日志内容 ： TaskSchedulingThreadPool configured with max concurrency of 10 and TaskScheduler ThreadPoolTaskScheduler.

**************************************************************************************************************************
 日志时间 ： 2021-02-03 14:49:04.9543 
 日志来源 ： TaiheSystem.CBE.Api.Tasks.HostedService.Job1TimedService 
 日志级别 ： DEBUG 
 日志内容 ： Run RemoveExpiredSession Succeed.

**************************************************************************************************************************
 日志时间 ： 2021-02-03 14:54:02.2067 
 日志来源 ： Quartz.Simpl.TaskSchedulingThreadPool 
 日志级别 ： DEBUG 
 日志内容 ： TaskSchedulingThreadPool configured with max concurrency of 10 and TaskScheduler ThreadPoolTaskScheduler.

**************************************************************************************************************************
 日志时间 ： 2021-02-03 14:54:02.2067 
 日志来源 ： TaiheSystem.CBE.Api.Tasks.HostedService.Job1TimedService 
 日志级别 ： DEBUG 
 日志内容 ： Run RemoveExpiredSession Succeed.

**************************************************************************************************************************
 日志时间 ： 2021-02-03 14:58:11.4043 
 日志来源 ： TaiheSystem.CBE.Api.Tasks.HostedService.Job1TimedService 
 日志级别 ： DEBUG 
 日志内容 ： Run RemoveExpiredSession Succeed.

**************************************************************************************************************************
 日志时间 ： 2021-02-03 14:58:11.4598 
 日志来源 ： Quartz.Simpl.TaskSchedulingThreadPool 
 日志级别 ： DEBUG 
 日志内容 ： TaskSchedulingThreadPool configured with max concurrency of 10 and TaskScheduler ThreadPoolTaskScheduler.

**************************************************************************************************************************
 日志时间 ： 2021-02-03 14:59:11.8147 
 日志来源 ： TaiheSystem.CBE.Api.Tasks.HostedService.Job1TimedService 
 日志级别 ： DEBUG 
 日志内容 ： Run RemoveExpiredSession Succeed.

**************************************************************************************************************************
 日志时间 ： 2021-02-03 14:59:11.8147 
 日志来源 ： Quartz.Simpl.TaskSchedulingThreadPool 
 日志级别 ： DEBUG 
 日志内容 ： TaskSchedulingThreadPool configured with max concurrency of 10 and TaskScheduler ThreadPoolTaskScheduler.

**************************************************************************************************************************
 日志时间 ： 2021-02-03 17:13:15.0695 
 日志来源 ： Quartz.Simpl.TaskSchedulingThreadPool 
 日志级别 ： DEBUG 
 日志内容 ： TaskSchedulingThreadPool configured with max concurrency of 10 and TaskScheduler ThreadPoolTaskScheduler.

**************************************************************************************************************************
 日志时间 ： 2021-02-03 17:13:15.1553 
 日志来源 ： TaiheSystem.CBE.Api.Tasks.HostedService.Job1TimedService 
 日志级别 ： DEBUG 
 日志内容 ： Run RemoveExpiredSession Succeed.

**************************************************************************************************************************
 日志时间 ： 2021-02-03 17:16:48.5704 
 日志来源 ： Quartz.Simpl.TaskSchedulingThreadPool 
 日志级别 ： DEBUG 
 日志内容 ： TaskSchedulingThreadPool configured with max concurrency of 10 and TaskScheduler ThreadPoolTaskScheduler.

**************************************************************************************************************************
 日志时间 ： 2021-02-03 17:16:48.7314 
 日志来源 ： TaiheSystem.CBE.Api.Tasks.HostedService.Job1TimedService 
 日志级别 ： DEBUG 
 日志内容 ： Run RemoveExpiredSession Succeed.

**************************************************************************************************************************
 日志时间 ： 2021-02-03 17:36:52.7520 
 日志来源 ： Quartz.Simpl.TaskSchedulingThreadPool 
 日志级别 ： DEBUG 
 日志内容 ： TaskSchedulingThreadPool configured with max concurrency of 10 and TaskScheduler ThreadPoolTaskScheduler.

**************************************************************************************************************************
 日志时间 ： 2021-02-03 17:36:52.7945 
 日志来源 ： TaiheSystem.CBE.Api.Tasks.HostedService.Job1TimedService 
 日志级别 ： DEBUG 
 日志内容 ： Run RemoveExpiredSession Succeed.

**************************************************************************************************************************
 日志时间 ： 2021-02-03 17:41:52.2945 
 日志来源 ： TaiheSystem.CBE.Api.Tasks.HostedService.Job1TimedService 
 日志级别 ： DEBUG 
 日志内容 ： Run RemoveExpiredSession Succeed.

