**************************************************************************************************************************
 日志时间 ： 2021-02-05 09:18:56.2579 
 日志来源 ： Quartz.Simpl.TaskSchedulingThreadPool 
 日志级别 ： DEBUG 
 日志内容 ： TaskSchedulingThreadPool configured with max concurrency of 10 and TaskScheduler ThreadPoolTaskScheduler.

**************************************************************************************************************************
 日志时间 ： 2021-02-05 09:18:57.6825 
 日志来源 ： TaiheSystem.CBE.Api.Tasks.HostedService.Job1TimedService 
 日志级别 ： DEBUG 
 日志内容 ： Run RemoveExpiredSession Succeed.

**************************************************************************************************************************
 日志时间 ： 2021-02-05 09:23:54.8742 
 日志来源 ： TaiheSystem.CBE.Api.Tasks.HostedService.Job1TimedService 
 日志级别 ： DEBUG 
 日志内容 ： Run RemoveExpiredSession Succeed.

**************************************************************************************************************************
 日志时间 ： 2021-02-05 09:28:55.6992 
 日志来源 ： TaiheSystem.CBE.Api.Tasks.HostedService.Job1TimedService 
 日志级别 ： DEBUG 
 日志内容 ： Run RemoveExpiredSession Succeed.

**************************************************************************************************************************
 日志时间 ： 2021-02-05 09:33:54.5241 
 日志来源 ： TaiheSystem.CBE.Api.Tasks.HostedService.Job1TimedService 
 日志级别 ： DEBUG 
 日志内容 ： Run RemoveExpiredSession Succeed.

**************************************************************************************************************************
 日志时间 ： 2021-02-05 09:38:54.5330 
 日志来源 ： TaiheSystem.CBE.Api.Tasks.HostedService.Job1TimedService 
 日志级别 ： DEBUG 
 日志内容 ： Run RemoveExpiredSession Succeed.

**************************************************************************************************************************
 日志时间 ： 2021-02-05 09:43:54.5970 
 日志来源 ： TaiheSystem.CBE.Api.Tasks.HostedService.Job1TimedService 
 日志级别 ： DEBUG 
 日志内容 ： Run RemoveExpiredSession Succeed.

**************************************************************************************************************************
 日志时间 ： 2021-02-05 09:48:54.5305 
 日志来源 ： TaiheSystem.CBE.Api.Tasks.HostedService.Job1TimedService 
 日志级别 ： DEBUG 
 日志内容 ： Run RemoveExpiredSession Succeed.

**************************************************************************************************************************
 日志时间 ： 2021-02-05 10:06:19.6128 
 日志来源 ： Quartz.Simpl.TaskSchedulingThreadPool 
 日志级别 ： DEBUG 
 日志内容 ： TaskSchedulingThreadPool configured with max concurrency of 10 and TaskScheduler ThreadPoolTaskScheduler.

**************************************************************************************************************************
 日志时间 ： 2021-02-05 10:06:19.7406 
 日志来源 ： TaiheSystem.CBE.Api.Tasks.HostedService.Job1TimedService 
 日志级别 ： DEBUG 
 日志内容 ： Run RemoveExpiredSession Succeed.

**************************************************************************************************************************
 日志时间 ： 2021-02-05 10:47:51.8727 
 日志来源 ： Quartz.Simpl.TaskSchedulingThreadPool 
 日志级别 ： DEBUG 
 日志内容 ： TaskSchedulingThreadPool configured with max concurrency of 10 and TaskScheduler ThreadPoolTaskScheduler.

**************************************************************************************************************************
 日志时间 ： 2021-02-05 10:47:51.9664 
 日志来源 ： TaiheSystem.CBE.Api.Tasks.HostedService.Job1TimedService 
 日志级别 ： DEBUG 
 日志内容 ： Run RemoveExpiredSession Succeed.

**************************************************************************************************************************
 日志时间 ： 2021-02-05 10:52:51.4770 
 日志来源 ： TaiheSystem.CBE.Api.Tasks.HostedService.Job1TimedService 
 日志级别 ： DEBUG 
 日志内容 ： Run RemoveExpiredSession Succeed.

**************************************************************************************************************************
 日志时间 ： 2021-02-05 10:57:51.4476 
 日志来源 ： TaiheSystem.CBE.Api.Tasks.HostedService.Job1TimedService 
 日志级别 ： DEBUG 
 日志内容 ： Run RemoveExpiredSession Succeed.

**************************************************************************************************************************
 日志时间 ： 2021-02-05 11:02:51.4566 
 日志来源 ： TaiheSystem.CBE.Api.Tasks.HostedService.Job1TimedService 
 日志级别 ： DEBUG 
 日志内容 ： Run RemoveExpiredSession Succeed.

**************************************************************************************************************************
 日志时间 ： 2021-02-05 11:07:51.5079 
 日志来源 ： TaiheSystem.CBE.Api.Tasks.HostedService.Job1TimedService 
 日志级别 ： DEBUG 
 日志内容 ： Run RemoveExpiredSession Succeed.

**************************************************************************************************************************
 日志时间 ： 2021-02-05 11:12:51.4421 
 日志来源 ： TaiheSystem.CBE.Api.Tasks.HostedService.Job1TimedService 
 日志级别 ： DEBUG 
 日志内容 ： Run RemoveExpiredSession Succeed.

**************************************************************************************************************************
 日志时间 ： 2021-02-05 11:28:42.6685 
 日志来源 ： Quartz.Simpl.TaskSchedulingThreadPool 
 日志级别 ： DEBUG 
 日志内容 ： TaskSchedulingThreadPool configured with max concurrency of 10 and TaskScheduler ThreadPoolTaskScheduler.

**************************************************************************************************************************
 日志时间 ： 2021-02-05 11:28:42.6685 
 日志来源 ： TaiheSystem.CBE.Api.Tasks.HostedService.Job1TimedService 
 日志级别 ： DEBUG 
 日志内容 ： Run RemoveExpiredSession Succeed.

**************************************************************************************************************************
 日志时间 ： 2021-02-05 13:58:30.6099 
 日志来源 ： Quartz.Simpl.TaskSchedulingThreadPool 
 日志级别 ： DEBUG 
 日志内容 ： TaskSchedulingThreadPool configured with max concurrency of 10 and TaskScheduler ThreadPoolTaskScheduler.

**************************************************************************************************************************
 日志时间 ： 2021-02-05 13:58:30.6670 
 日志来源 ： TaiheSystem.CBE.Api.Tasks.HostedService.Job1TimedService 
 日志级别 ： DEBUG 
 日志内容 ： Run RemoveExpiredSession Succeed.

**************************************************************************************************************************
 日志时间 ： 2021-02-05 14:15:50.4894 
 日志来源 ： Quartz.Simpl.TaskSchedulingThreadPool 
 日志级别 ： DEBUG 
 日志内容 ： TaskSchedulingThreadPool configured with max concurrency of 10 and TaskScheduler ThreadPoolTaskScheduler.

**************************************************************************************************************************
 日志时间 ： 2021-02-05 14:15:50.5302 
 日志来源 ： TaiheSystem.CBE.Api.Tasks.HostedService.Job1TimedService 
 日志级别 ： DEBUG 
 日志内容 ： Run RemoveExpiredSession Succeed.

**************************************************************************************************************************
 日志时间 ： 2021-02-05 14:20:50.0865 
 日志来源 ： TaiheSystem.CBE.Api.Tasks.HostedService.Job1TimedService 
 日志级别 ： DEBUG 
 日志内容 ： Run RemoveExpiredSession Succeed.

**************************************************************************************************************************
 日志时间 ： 2021-02-05 14:25:50.1943 
 日志来源 ： TaiheSystem.CBE.Api.Tasks.HostedService.Job1TimedService 
 日志级别 ： DEBUG 
 日志内容 ： Run RemoveExpiredSession Succeed.

**************************************************************************************************************************
 日志时间 ： 2021-02-05 14:30:50.0601 
 日志来源 ： TaiheSystem.CBE.Api.Tasks.HostedService.Job1TimedService 
 日志级别 ： DEBUG 
 日志内容 ： Run RemoveExpiredSession Succeed.

**************************************************************************************************************************
 日志时间 ： 2021-02-05 14:35:50.0525 
 日志来源 ： TaiheSystem.CBE.Api.Tasks.HostedService.Job1TimedService 
 日志级别 ： DEBUG 
 日志内容 ： Run RemoveExpiredSession Succeed.

**************************************************************************************************************************
 日志时间 ： 2021-02-05 14:40:50.0667 
 日志来源 ： TaiheSystem.CBE.Api.Tasks.HostedService.Job1TimedService 
 日志级别 ： DEBUG 
 日志内容 ： Run RemoveExpiredSession Succeed.

**************************************************************************************************************************
 日志时间 ： 2021-02-05 14:45:50.1365 
 日志来源 ： TaiheSystem.CBE.Api.Tasks.HostedService.Job1TimedService 
 日志级别 ： DEBUG 
 日志内容 ： Run RemoveExpiredSession Succeed.

**************************************************************************************************************************
 日志时间 ： 2021-02-05 14:50:50.0629 
 日志来源 ： TaiheSystem.CBE.Api.Tasks.HostedService.Job1TimedService 
 日志级别 ： DEBUG 
 日志内容 ： Run RemoveExpiredSession Succeed.

**************************************************************************************************************************
 日志时间 ： 2021-02-05 14:55:50.1518 
 日志来源 ： TaiheSystem.CBE.Api.Tasks.HostedService.Job1TimedService 
 日志级别 ： DEBUG 
 日志内容 ： Run RemoveExpiredSession Succeed.

**************************************************************************************************************************
 日志时间 ： 2021-02-05 15:00:50.0497 
 日志来源 ： TaiheSystem.CBE.Api.Tasks.HostedService.Job1TimedService 
 日志级别 ： DEBUG 
 日志内容 ： Run RemoveExpiredSession Succeed.

**************************************************************************************************************************
 日志时间 ： 2021-02-05 15:05:50.2168 
 日志来源 ： TaiheSystem.CBE.Api.Tasks.HostedService.Job1TimedService 
 日志级别 ： DEBUG 
 日志内容 ： Run RemoveExpiredSession Succeed.

**************************************************************************************************************************
 日志时间 ： 2021-02-05 15:10:50.1425 
 日志来源 ： TaiheSystem.CBE.Api.Tasks.HostedService.Job1TimedService 
 日志级别 ： DEBUG 
 日志内容 ： Run RemoveExpiredSession Succeed.

**************************************************************************************************************************
 日志时间 ： 2021-02-05 15:15:50.1341 
 日志来源 ： TaiheSystem.CBE.Api.Tasks.HostedService.Job1TimedService 
 日志级别 ： DEBUG 
 日志内容 ： Run RemoveExpiredSession Succeed.

**************************************************************************************************************************
 日志时间 ： 2021-02-05 15:20:50.0394 
 日志来源 ： TaiheSystem.CBE.Api.Tasks.HostedService.Job1TimedService 
 日志级别 ： DEBUG 
 日志内容 ： Run RemoveExpiredSession Succeed.

**************************************************************************************************************************
 日志时间 ： 2021-02-05 16:25:54.2840 
 日志来源 ： TaiheSystem.CBE.Api.Tasks.HostedService.Job1TimedService 
 日志级别 ： DEBUG 
 日志内容 ： Run RemoveExpiredSession Succeed.

**************************************************************************************************************************
 日志时间 ： 2021-02-05 16:25:54.3094 
 日志来源 ： Quartz.Simpl.TaskSchedulingThreadPool 
 日志级别 ： DEBUG 
 日志内容 ： TaskSchedulingThreadPool configured with max concurrency of 10 and TaskScheduler ThreadPoolTaskScheduler.

**************************************************************************************************************************
 日志时间 ： 2021-02-05 16:30:53.8774 
 日志来源 ： TaiheSystem.CBE.Api.Tasks.HostedService.Job1TimedService 
 日志级别 ： DEBUG 
 日志内容 ： Run RemoveExpiredSession Succeed.

**************************************************************************************************************************
 日志时间 ： 2021-02-05 16:35:53.9264 
 日志来源 ： TaiheSystem.CBE.Api.Tasks.HostedService.Job1TimedService 
 日志级别 ： DEBUG 
 日志内容 ： Run RemoveExpiredSession Succeed.

**************************************************************************************************************************
 日志时间 ： 2021-02-05 16:40:53.8590 
 日志来源 ： TaiheSystem.CBE.Api.Tasks.HostedService.Job1TimedService 
 日志级别 ： DEBUG 
 日志内容 ： Run RemoveExpiredSession Succeed.

**************************************************************************************************************************
 日志时间 ： 2021-02-05 16:45:53.5646 
 日志来源 ： Quartz.Simpl.TaskSchedulingThreadPool 
 日志级别 ： DEBUG 
 日志内容 ： TaskSchedulingThreadPool configured with max concurrency of 10 and TaskScheduler ThreadPoolTaskScheduler.

**************************************************************************************************************************
 日志时间 ： 2021-02-05 16:45:53.6166 
 日志来源 ： TaiheSystem.CBE.Api.Tasks.HostedService.Job1TimedService 
 日志级别 ： DEBUG 
 日志内容 ： Run RemoveExpiredSession Succeed.

**************************************************************************************************************************
 日志时间 ： 2021-02-05 16:50:53.1864 
 日志来源 ： TaiheSystem.CBE.Api.Tasks.HostedService.Job1TimedService 
 日志级别 ： DEBUG 
 日志内容 ： Run RemoveExpiredSession Succeed.

**************************************************************************************************************************
 日志时间 ： 2021-02-05 16:57:47.2151 
 日志来源 ： TaiheSystem.CBE.Api.Tasks.HostedService.Job1TimedService 
 日志级别 ： DEBUG 
 日志内容 ： Run RemoveExpiredSession Succeed.

**************************************************************************************************************************
 日志时间 ： 2021-02-05 16:57:47.2323 
 日志来源 ： Quartz.Simpl.TaskSchedulingThreadPool 
 日志级别 ： DEBUG 
 日志内容 ： TaskSchedulingThreadPool configured with max concurrency of 10 and TaskScheduler ThreadPoolTaskScheduler.

**************************************************************************************************************************
 日志时间 ： 2021-02-05 17:05:37.4091 
 日志来源 ： Quartz.Simpl.TaskSchedulingThreadPool 
 日志级别 ： DEBUG 
 日志内容 ： TaskSchedulingThreadPool configured with max concurrency of 10 and TaskScheduler ThreadPoolTaskScheduler.

**************************************************************************************************************************
 日志时间 ： 2021-02-05 17:05:37.4091 
 日志来源 ： TaiheSystem.CBE.Api.Tasks.HostedService.Job1TimedService 
 日志级别 ： DEBUG 
 日志内容 ： Run RemoveExpiredSession Succeed.

**************************************************************************************************************************
 日志时间 ： 2021-02-05 17:10:02.8620 
 日志来源 ： Quartz.Simpl.TaskSchedulingThreadPool 
 日志级别 ： DEBUG 
 日志内容 ： TaskSchedulingThreadPool configured with max concurrency of 10 and TaskScheduler ThreadPoolTaskScheduler.

**************************************************************************************************************************
 日志时间 ： 2021-02-05 17:10:03.0983 
 日志来源 ： TaiheSystem.CBE.Api.Tasks.HostedService.Job1TimedService 
 日志级别 ： DEBUG 
 日志内容 ： Run RemoveExpiredSession Succeed.

**************************************************************************************************************************
 日志时间 ： 2021-02-05 17:11:41.0816 
 日志来源 ： Quartz.Simpl.TaskSchedulingThreadPool 
 日志级别 ： DEBUG 
 日志内容 ： TaskSchedulingThreadPool configured with max concurrency of 10 and TaskScheduler ThreadPoolTaskScheduler.

**************************************************************************************************************************
 日志时间 ： 2021-02-05 17:11:41.1618 
 日志来源 ： TaiheSystem.CBE.Api.Tasks.HostedService.Job1TimedService 
 日志级别 ： DEBUG 
 日志内容 ： Run RemoveExpiredSession Succeed.

**************************************************************************************************************************
 日志时间 ： 2021-02-05 17:48:12.5762 
 日志来源 ： TaiheSystem.CBE.Api.Tasks.HostedService.Job1TimedService 
 日志级别 ： DEBUG 
 日志内容 ： Run RemoveExpiredSession Succeed.

**************************************************************************************************************************
 日志时间 ： 2021-02-05 17:48:12.5926 
 日志来源 ： Quartz.Simpl.TaskSchedulingThreadPool 
 日志级别 ： DEBUG 
 日志内容 ： TaskSchedulingThreadPool configured with max concurrency of 10 and TaskScheduler ThreadPoolTaskScheduler.

