**************************************************************************************************************************
 日志时间 ： 2021-02-23 10:01:52.5981 
 日志来源 ： TaiheSystem.CBE.Api.Hostd.Global.GlobalExceptions 
 日志级别 ： ERROR 
 日志内容 ： 
【自定义错误】：在应使用条件的上下文(在 'deleted' 附近)中指定了非布尔类型的表达式。 
【异常类型】：SqlException 
【异常信息】：在应使用条件的上下文(在 'deleted' 附近)中指定了非布尔类型的表达式。 
【堆栈调用】：   at SqlSugar.AdoProvider.GetDataReader(String sql, SugarParameter[] parameters)
   at SqlSugar.QueryableProvider`1.GetData[TResult](KeyValuePair`2 sqlObj)
   at SqlSugar.QueryableProvider`1._ToList[TResult]()
   at SqlSugar.QueryableProvider`1.ToList()
   at TaiheSystem.CBE.Api.Interfaces.BaseService`1.GetWhere(Expression`1 where, Boolean useCache, Int32 cacheSecond) in D:\SourceCode\Taihe.CBE.API\TaiheSystem.CBE.Api.Interfaces\BaseService.cs:line 227
   at Castle.Proxies.Invocations.IBaseService`1_GetWhere_6.InvokeMethodOnTarget()
   at Castle.DynamicProxy.AbstractInvocation.Proceed()
   at Castle.Proxies.IBaseService`1Proxy_3.GetWhere(Expression`1 where, Boolean useCache, Int32 cacheSecond)
   at TaiheSystem.CBE.Api.Hostd.Controllers.Sys.TMPTypeController.Query(TMPTypeQueryDto parm) in D:\SourceCode\Taihe.CBE.API\TaiheSystem.CBE.Api.Hostd\Controllers\Sys\TMPTypeController.cs:line 61
   at lambda_method641(Closure , Object , Object[] )
   at Microsoft.AspNetCore.Mvc.Infrastructure.ActionMethodExecutor.SyncActionResultExecutor.Execute(IActionResultTypeMapper mapper, ObjectMethodExecutor executor, Object controller, Object[] arguments)
   at Microsoft.AspNetCore.Mvc.Infrastructure.ControllerActionInvoker.InvokeActionMethodAsync()
   at Microsoft.AspNetCore.Mvc.Infrastructure.ControllerActionInvoker.Next(State& next, Scope& scope, Object& state, Boolean& isCompleted)
   at Microsoft.AspNetCore.Mvc.Infrastructure.ControllerActionInvoker.InvokeNextActionFilterAsync()
--- End of stack trace from previous location ---
   at Microsoft.AspNetCore.Mvc.Infrastructure.ControllerActionInvoker.Rethrow(ActionExecutedContextSealed context)
   at Microsoft.AspNetCore.Mvc.Infrastructure.ControllerActionInvoker.Next(State& next, Scope& scope, Object& state, Boolean& isCompleted)
   at Microsoft.AspNetCore.Mvc.Infrastructure.ControllerActionInvoker.InvokeInnerFilterAsync()
--- End of stack trace from previous location ---
   at Microsoft.AspNetCore.Mvc.Infrastructure.ResourceInvoker.<InvokeNextExceptionFilterAsync>g__Awaited|25_0(ResourceInvoker invoker, Task lastTask, State next, Scope scope, Object state, Boolean isCompleted)


**************************************************************************************************************************
 日志时间 ： 2021-02-23 10:21:45.0343 
 日志来源 ： TaiheSystem.CBE.Api.Hostd.Global.GlobalExceptions 
 日志级别 ： ERROR 
 日志内容 ： 
【自定义错误】：在应使用条件的上下文(在 ')' 附近)中指定了非布尔类型的表达式。 
【异常类型】：SqlException 
【异常信息】：在应使用条件的上下文(在 ')' 附近)中指定了非布尔类型的表达式。 
【堆栈调用】：   at SqlSugar.AdoProvider.GetScalar(String sql, SugarParameter[] parameters)
   at SqlSugar.AdoProvider.GetInt(String sql, SugarParameter[] parameters)
   at SqlSugar.QueryableProvider`1.GetCount()
   at SqlSugar.QueryableProvider`1.Count()
   at SqlSugar.QueryableProvider`1.Any()
   at SqlSugar.QueryableProvider`1.Any(Expression`1 expression)
   at TaiheSystem.CBE.Api.Interfaces.BaseService`1.Any(Expression`1 where) in D:\SourceCode\Taihe.CBE.API\TaiheSystem.CBE.Api.Interfaces\BaseService.cs:line 131
   at Castle.Proxies.Invocations.IBaseService`1_Any_3.InvokeMethodOnTarget()
   at Castle.DynamicProxy.AbstractInvocation.Proceed()
   at Castle.Proxies.IBaseService`1Proxy_3.Any(Expression`1 where)
   at TaiheSystem.CBE.Api.Hostd.Controllers.Sys.TMPTypeController.Delete(String id) in D:\SourceCode\Taihe.CBE.API\TaiheSystem.CBE.Api.Hostd\Controllers\Sys\TMPTypeController.cs:line 166
   at lambda_method739(Closure , Object , Object[] )
   at Microsoft.AspNetCore.Mvc.Infrastructure.ActionMethodExecutor.SyncActionResultExecutor.Execute(IActionResultTypeMapper mapper, ObjectMethodExecutor executor, Object controller, Object[] arguments)
   at Microsoft.AspNetCore.Mvc.Infrastructure.ControllerActionInvoker.InvokeActionMethodAsync()
   at Microsoft.AspNetCore.Mvc.Infrastructure.ControllerActionInvoker.Next(State& next, Scope& scope, Object& state, Boolean& isCompleted)
   at Microsoft.AspNetCore.Mvc.Infrastructure.ControllerActionInvoker.InvokeNextActionFilterAsync()
--- End of stack trace from previous location ---
   at Microsoft.AspNetCore.Mvc.Infrastructure.ControllerActionInvoker.Rethrow(ActionExecutedContextSealed context)
   at Microsoft.AspNetCore.Mvc.Infrastructure.ControllerActionInvoker.Next(State& next, Scope& scope, Object& state, Boolean& isCompleted)
   at Microsoft.AspNetCore.Mvc.Infrastructure.ControllerActionInvoker.InvokeInnerFilterAsync()
--- End of stack trace from previous location ---
   at Microsoft.AspNetCore.Mvc.Infrastructure.ResourceInvoker.<InvokeNextExceptionFilterAsync>g__Awaited|25_0(ResourceInvoker invoker, Task lastTask, State next, Scope scope, Object state, Boolean isCompleted)


