**************************************************************************************************************************
 日志时间 ： 2021-02-18 16:11:15.4956 
 日志来源 ： TaiheSystem.CBE.Api.Hostd.Global.GlobalExceptions 
 日志级别 ： ERROR 
 日志内容 ： 
【自定义错误】：列名 'DrawSubmitTime' 无效。 
【异常类型】：SqlException 
【异常信息】：列名 'DrawSubmitTime' 无效。 
【堆栈调用】：   at SqlSugar.AdoProvider.GetDataReader(String sql, SugarParameter[] parameters)
   at SqlSugar.QueryableProvider`1.GetData[TResult](KeyValuePair`2 sqlObj)
   at SqlSugar.QueryableProvider`1._ToList[TResult]()
   at SqlSugar.QueryableProvider`1.ToList()
   at SqlSugar.QueryableProvider`1.InSingle(Object pkValue)
   at TaiheSystem.CBE.Api.Interfaces.BaseService`1.GetId(Object pkValue) in D:\SourceCode\Taihe.CBE.API\TaiheSystem.CBE.Api.Interfaces\BaseService.cs:line 151
   at Castle.Proxies.Invocations.IBaseService`1_GetId_7.InvokeMethodOnTarget()
   at Castle.DynamicProxy.AbstractInvocation.Proceed()
   at Castle.Proxies.IBaseService`1Proxy_7.GetId(Object pkValue)
   at TaiheSystem.CBE.Api.Hostd.Controllers.Auditor.AuditorPlanController.SubmitCompiled(String id) in D:\SourceCode\Taihe.CBE.API\TaiheSystem.CBE.Api.Hostd\Controllers\Auditor\AuditorPlanController.cs:line 257
   at lambda_method637(Closure , Object , Object[] )
   at Microsoft.AspNetCore.Mvc.Infrastructure.ActionMethodExecutor.SyncActionResultExecutor.Execute(IActionResultTypeMapper mapper, ObjectMethodExecutor executor, Object controller, Object[] arguments)
   at Microsoft.AspNetCore.Mvc.Infrastructure.ControllerActionInvoker.InvokeActionMethodAsync()
   at Microsoft.AspNetCore.Mvc.Infrastructure.ControllerActionInvoker.Next(State& next, Scope& scope, Object& state, Boolean& isCompleted)
   at Microsoft.AspNetCore.Mvc.Infrastructure.ControllerActionInvoker.InvokeNextActionFilterAsync()
--- End of stack trace from previous location ---
   at Microsoft.AspNetCore.Mvc.Infrastructure.ControllerActionInvoker.Rethrow(ActionExecutedContextSealed context)
   at Microsoft.AspNetCore.Mvc.Infrastructure.ControllerActionInvoker.Next(State& next, Scope& scope, Object& state, Boolean& isCompleted)
   at Microsoft.AspNetCore.Mvc.Infrastructure.ControllerActionInvoker.InvokeInnerFilterAsync()
--- End of stack trace from previous location ---
   at Microsoft.AspNetCore.Mvc.Infrastructure.ResourceInvoker.<InvokeNextExceptionFilterAsync>g__Awaited|25_0(ResourceInvoker invoker, Task lastTask, State next, Scope scope, Object state, Boolean isCompleted)


