**************************************************************************************************************************
 日志时间 ： 2021-02-03 10:12:59.7817 
 日志来源 ： Microsoft.AspNetCore.Diagnostics.DeveloperExceptionPageMiddleware 
 日志级别 ： ERROR 
 日志内容 ： An unhandled exception has occurred while executing the request.

**************************************************************************************************************************
 日志时间 ： 2021-02-03 10:14:35.2963 
 日志来源 ： Microsoft.AspNetCore.Diagnostics.DeveloperExceptionPageMiddleware 
 日志级别 ： ERROR 
 日志内容 ： An unhandled exception has occurred while executing the request.

**************************************************************************************************************************
 日志时间 ： 2021-02-03 10:15:28.3569 
 日志来源 ： Microsoft.AspNetCore.Diagnostics.DeveloperExceptionPageMiddleware 
 日志级别 ： ERROR 
 日志内容 ： An unhandled exception has occurred while executing the request.

**************************************************************************************************************************
 日志时间 ： 2021-02-03 10:16:34.3316 
 日志来源 ： Microsoft.AspNetCore.Diagnostics.DeveloperExceptionPageMiddleware 
 日志级别 ： ERROR 
 日志内容 ： An unhandled exception has occurred while executing the request.

**************************************************************************************************************************
 日志时间 ： 2021-02-03 10:20:10.7846 
 日志来源 ： TaiheSystem.CBE.Api.Hostd.Global.GlobalExceptions 
 日志级别 ： ERROR 
 日志内容 ： 
【自定义错误】：除非另外还指定了 TOP、OFFSET 或 FOR XML，否则，ORDER BY 子句在视图、内联函数、派生表、子查询和公用表表达式中无效。 
【异常类型】：SqlException 
【异常信息】：除非另外还指定了 TOP、OFFSET 或 FOR XML，否则，ORDER BY 子句在视图、内联函数、派生表、子查询和公用表表达式中无效。 
【堆栈调用】：   at SqlSugar.AdoProvider.GetDataReader(String sql, SugarParameter[] parameters)
   at SqlSugar.QueryableProvider`1.GetData[TResult](KeyValuePair`2 sqlObj)
   at SqlSugar.QueryableProvider`1._ToList[TResult]()
   at SqlSugar.QueryableProvider`1.ToList()
   at TaiheSystem.CBE.Api.Hostd.Controllers.Gwf.FlowStepController.GetAll(String id, String flowcode) in D:\SourceCode\Taihe.CBE.API\TaiheSystem.CBE.Api.Hostd\Controllers\Gwf\FlowStepController.cs:line 77
   at lambda_method628(Closure , Object , Object[] )
   at Microsoft.AspNetCore.Mvc.Infrastructure.ActionMethodExecutor.SyncActionResultExecutor.Execute(IActionResultTypeMapper mapper, ObjectMethodExecutor executor, Object controller, Object[] arguments)
   at Microsoft.AspNetCore.Mvc.Infrastructure.ControllerActionInvoker.InvokeActionMethodAsync()
   at Microsoft.AspNetCore.Mvc.Infrastructure.ControllerActionInvoker.Next(State& next, Scope& scope, Object& state, Boolean& isCompleted)
   at Microsoft.AspNetCore.Mvc.Infrastructure.ControllerActionInvoker.InvokeNextActionFilterAsync()
--- End of stack trace from previous location ---
   at Microsoft.AspNetCore.Mvc.Infrastructure.ControllerActionInvoker.Rethrow(ActionExecutedContextSealed context)
   at Microsoft.AspNetCore.Mvc.Infrastructure.ControllerActionInvoker.Next(State& next, Scope& scope, Object& state, Boolean& isCompleted)
   at Microsoft.AspNetCore.Mvc.Infrastructure.ControllerActionInvoker.InvokeInnerFilterAsync()
--- End of stack trace from previous location ---
   at Microsoft.AspNetCore.Mvc.Infrastructure.ResourceInvoker.<InvokeNextExceptionFilterAsync>g__Awaited|25_0(ResourceInvoker invoker, Task lastTask, State next, Scope scope, Object state, Boolean isCompleted)


