**************************************************************************************************************************
 日志时间 ： 2021-02-22 16:00:45.3007 
 日志来源 ： TaiheSystem.CBE.Api.Hostd.Global.GlobalExceptions 
 日志级别 ： ERROR 
 日志内容 ： 
【自定义错误】：The process cannot access the file 'D:\Work\CBE\CNAS图片.png' because it is being used by another process. 
【异常类型】：IOException 
【异常信息】：The process cannot access the file 'D:\Work\CBE\CNAS图片.png' because it is being used by another process. 
【堆栈调用】：   at System.IO.FileStream.ValidateFileHandle(SafeFileHandle fileHandle)
   at System.IO.FileStream.CreateFileOpenHandle(FileMode mode, FileShare share, FileOptions options)
   at System.IO.FileStream..ctor(String path, FileMode mode, FileAccess access, FileShare share, Int32 bufferSize, FileOptions options)
   at System.IO.FileStream..ctor(String path, FileMode mode)
   at TaiheSystem.CBE.Api.Generate.Class1.InsertAPicture(String fileName, String document, String bookmark) in D:\SourceCode\Taihe.CBE.API\TaiheSystem.CBE.Api.Generate\Class1.cs:line 92
   at TaiheSystem.CBE.Api.Generate.Class1.test() in D:\SourceCode\Taihe.CBE.API\TaiheSystem.CBE.Api.Generate\Class1.cs:line 22
   at TaiheSystem.CBE.Api.Hostd.Controllers.Evaluation.DataRecoveryController.Generate() in D:\SourceCode\Taihe.CBE.API\TaiheSystem.CBE.Api.Hostd\Controllers\Evaluation\DataRecoveryController.cs:line 279
   at lambda_method639(Closure , Object , Object[] )
   at Microsoft.AspNetCore.Mvc.Infrastructure.ActionMethodExecutor.SyncActionResultExecutor.Execute(IActionResultTypeMapper mapper, ObjectMethodExecutor executor, Object controller, Object[] arguments)
   at Microsoft.AspNetCore.Mvc.Infrastructure.ControllerActionInvoker.InvokeActionMethodAsync()
   at Microsoft.AspNetCore.Mvc.Infrastructure.ControllerActionInvoker.Next(State& next, Scope& scope, Object& state, Boolean& isCompleted)
   at Microsoft.AspNetCore.Mvc.Infrastructure.ControllerActionInvoker.InvokeNextActionFilterAsync()
--- End of stack trace from previous location ---
   at Microsoft.AspNetCore.Mvc.Infrastructure.ControllerActionInvoker.Rethrow(ActionExecutedContextSealed context)
   at Microsoft.AspNetCore.Mvc.Infrastructure.ControllerActionInvoker.Next(State& next, Scope& scope, Object& state, Boolean& isCompleted)
   at Microsoft.AspNetCore.Mvc.Infrastructure.ControllerActionInvoker.InvokeInnerFilterAsync()
--- End of stack trace from previous location ---
   at Microsoft.AspNetCore.Mvc.Infrastructure.ResourceInvoker.<InvokeNextExceptionFilterAsync>g__Awaited|25_0(ResourceInvoker invoker, Task lastTask, State next, Scope scope, Object state, Boolean isCompleted)


**************************************************************************************************************************
 日志时间 ： 2021-02-22 16:02:06.0592 
 日志来源 ： TaiheSystem.CBE.Api.Hostd.Global.GlobalExceptions 
 日志级别 ： ERROR 
 日志内容 ： 
【自定义错误】：The process cannot access the file 'D:\Work\CBE\openxmltext.docx' because it is being used by another process. 
【异常类型】：IOException 
【异常信息】：The process cannot access the file 'D:\Work\CBE\openxmltext.docx' because it is being used by another process. 
【堆栈调用】：   at System.IO.FileStream.ValidateFileHandle(SafeFileHandle fileHandle)
   at System.IO.FileStream.CreateFileOpenHandle(FileMode mode, FileShare share, FileOptions options)
   at System.IO.FileStream..ctor(String path, FileMode mode, FileAccess access, FileShare share, Int32 bufferSize, FileOptions options)
   at System.IO.FileStream..ctor(String path, FileMode mode, FileAccess access, FileShare share)
   at System.IO.Packaging.ZipPackage..ctor(String path, FileMode packageFileMode, FileAccess packageFileAccess, FileShare share)
   at System.IO.Packaging.Package.Open(String path, FileMode packageMode, FileAccess packageAccess, FileShare packageShare)
   at DocumentFormat.OpenXml.Packaging.OpenXmlPackage.OpenCore(String path, Boolean readWriteMode)
   at DocumentFormat.OpenXml.Packaging.WordprocessingDocument.Open(String path, Boolean isEditable, OpenSettings openSettings)
   at DocumentFormat.OpenXml.Packaging.WordprocessingDocument.Open(String path, Boolean isEditable)
   at TaiheSystem.CBE.Api.Generate.Class1.GenerateText() in D:\SourceCode\Taihe.CBE.API\TaiheSystem.CBE.Api.Generate\Class1.cs:line 31
   at TaiheSystem.CBE.Api.Generate.Class1.test() in D:\SourceCode\Taihe.CBE.API\TaiheSystem.CBE.Api.Generate\Class1.cs:line 21
   at TaiheSystem.CBE.Api.Hostd.Controllers.Evaluation.DataRecoveryController.Generate() in D:\SourceCode\Taihe.CBE.API\TaiheSystem.CBE.Api.Hostd\Controllers\Evaluation\DataRecoveryController.cs:line 279
   at lambda_method639(Closure , Object , Object[] )
   at Microsoft.AspNetCore.Mvc.Infrastructure.ActionMethodExecutor.SyncActionResultExecutor.Execute(IActionResultTypeMapper mapper, ObjectMethodExecutor executor, Object controller, Object[] arguments)
   at Microsoft.AspNetCore.Mvc.Infrastructure.ControllerActionInvoker.InvokeActionMethodAsync()
   at Microsoft.AspNetCore.Mvc.Infrastructure.ControllerActionInvoker.Next(State& next, Scope& scope, Object& state, Boolean& isCompleted)
   at Microsoft.AspNetCore.Mvc.Infrastructure.ControllerActionInvoker.InvokeNextActionFilterAsync()
--- End of stack trace from previous location ---
   at Microsoft.AspNetCore.Mvc.Infrastructure.ControllerActionInvoker.Rethrow(ActionExecutedContextSealed context)
   at Microsoft.AspNetCore.Mvc.Infrastructure.ControllerActionInvoker.Next(State& next, Scope& scope, Object& state, Boolean& isCompleted)
   at Microsoft.AspNetCore.Mvc.Infrastructure.ControllerActionInvoker.InvokeInnerFilterAsync()
--- End of stack trace from previous location ---
   at Microsoft.AspNetCore.Mvc.Infrastructure.ResourceInvoker.<InvokeNextExceptionFilterAsync>g__Awaited|25_0(ResourceInvoker invoker, Task lastTask, State next, Scope scope, Object state, Boolean isCompleted)


**************************************************************************************************************************
 日志时间 ： 2021-02-22 16:08:03.1877 
 日志来源 ： TaiheSystem.CBE.Api.Hostd.Global.GlobalExceptions 
 日志级别 ： ERROR 
 日志内容 ： 
【自定义错误】：The process cannot access the file 'D:\Work\CBE\openxmltext.docx' because it is being used by another process. 
【异常类型】：IOException 
【异常信息】：The process cannot access the file 'D:\Work\CBE\openxmltext.docx' because it is being used by another process. 
【堆栈调用】：   at System.IO.FileStream.ValidateFileHandle(SafeFileHandle fileHandle)
   at System.IO.FileStream.CreateFileOpenHandle(FileMode mode, FileShare share, FileOptions options)
   at System.IO.FileStream..ctor(String path, FileMode mode, FileAccess access, FileShare share, Int32 bufferSize, FileOptions options)
   at System.IO.FileStream..ctor(String path, FileMode mode, FileAccess access, FileShare share)
   at System.IO.Packaging.ZipPackage..ctor(String path, FileMode packageFileMode, FileAccess packageFileAccess, FileShare share)
   at System.IO.Packaging.Package.Open(String path, FileMode packageMode, FileAccess packageAccess, FileShare packageShare)
   at DocumentFormat.OpenXml.Packaging.OpenXmlPackage.OpenCore(String path, Boolean readWriteMode)
   at DocumentFormat.OpenXml.Packaging.WordprocessingDocument.Open(String path, Boolean isEditable, OpenSettings openSettings)
   at DocumentFormat.OpenXml.Packaging.WordprocessingDocument.Open(String path, Boolean isEditable)
   at TaiheSystem.CBE.Api.Generate.Class1.GenerateText() in D:\SourceCode\Taihe.CBE.API\TaiheSystem.CBE.Api.Generate\Class1.cs:line 31
   at TaiheSystem.CBE.Api.Generate.Class1.test() in D:\SourceCode\Taihe.CBE.API\TaiheSystem.CBE.Api.Generate\Class1.cs:line 21
   at TaiheSystem.CBE.Api.Hostd.Controllers.Evaluation.DataRecoveryController.Generate() in D:\SourceCode\Taihe.CBE.API\TaiheSystem.CBE.Api.Hostd\Controllers\Evaluation\DataRecoveryController.cs:line 279
   at lambda_method639(Closure , Object , Object[] )
   at Microsoft.AspNetCore.Mvc.Infrastructure.ActionMethodExecutor.SyncActionResultExecutor.Execute(IActionResultTypeMapper mapper, ObjectMethodExecutor executor, Object controller, Object[] arguments)
   at Microsoft.AspNetCore.Mvc.Infrastructure.ControllerActionInvoker.InvokeActionMethodAsync()
   at Microsoft.AspNetCore.Mvc.Infrastructure.ControllerActionInvoker.Next(State& next, Scope& scope, Object& state, Boolean& isCompleted)
   at Microsoft.AspNetCore.Mvc.Infrastructure.ControllerActionInvoker.InvokeNextActionFilterAsync()
--- End of stack trace from previous location ---
   at Microsoft.AspNetCore.Mvc.Infrastructure.ControllerActionInvoker.Rethrow(ActionExecutedContextSealed context)
   at Microsoft.AspNetCore.Mvc.Infrastructure.ControllerActionInvoker.Next(State& next, Scope& scope, Object& state, Boolean& isCompleted)
   at Microsoft.AspNetCore.Mvc.Infrastructure.ControllerActionInvoker.InvokeInnerFilterAsync()
--- End of stack trace from previous location ---
   at Microsoft.AspNetCore.Mvc.Infrastructure.ResourceInvoker.<InvokeNextExceptionFilterAsync>g__Awaited|25_0(ResourceInvoker invoker, Task lastTask, State next, Scope scope, Object state, Boolean isCompleted)


**************************************************************************************************************************
 日志时间 ： 2021-02-22 16:08:09.5624 
 日志来源 ： TaiheSystem.CBE.Api.Hostd.Global.GlobalExceptions 
 日志级别 ： ERROR 
 日志内容 ： 
【自定义错误】：The process cannot access the file 'D:\Work\CBE\openxmltext.docx' because it is being used by another process. 
【异常类型】：IOException 
【异常信息】：The process cannot access the file 'D:\Work\CBE\openxmltext.docx' because it is being used by another process. 
【堆栈调用】：   at System.IO.FileStream.ValidateFileHandle(SafeFileHandle fileHandle)
   at System.IO.FileStream.CreateFileOpenHandle(FileMode mode, FileShare share, FileOptions options)
   at System.IO.FileStream..ctor(String path, FileMode mode, FileAccess access, FileShare share, Int32 bufferSize, FileOptions options)
   at System.IO.FileStream..ctor(String path, FileMode mode, FileAccess access, FileShare share)
   at System.IO.Packaging.ZipPackage..ctor(String path, FileMode packageFileMode, FileAccess packageFileAccess, FileShare share)
   at System.IO.Packaging.Package.Open(String path, FileMode packageMode, FileAccess packageAccess, FileShare packageShare)
   at DocumentFormat.OpenXml.Packaging.OpenXmlPackage.OpenCore(String path, Boolean readWriteMode)
   at DocumentFormat.OpenXml.Packaging.WordprocessingDocument.Open(String path, Boolean isEditable, OpenSettings openSettings)
   at DocumentFormat.OpenXml.Packaging.WordprocessingDocument.Open(String path, Boolean isEditable)
   at TaiheSystem.CBE.Api.Generate.Class1.GenerateText() in D:\SourceCode\Taihe.CBE.API\TaiheSystem.CBE.Api.Generate\Class1.cs:line 31
   at TaiheSystem.CBE.Api.Generate.Class1.test() in D:\SourceCode\Taihe.CBE.API\TaiheSystem.CBE.Api.Generate\Class1.cs:line 21
   at TaiheSystem.CBE.Api.Hostd.Controllers.Evaluation.DataRecoveryController.Generate() in D:\SourceCode\Taihe.CBE.API\TaiheSystem.CBE.Api.Hostd\Controllers\Evaluation\DataRecoveryController.cs:line 279
   at lambda_method639(Closure , Object , Object[] )
   at Microsoft.AspNetCore.Mvc.Infrastructure.ActionMethodExecutor.SyncActionResultExecutor.Execute(IActionResultTypeMapper mapper, ObjectMethodExecutor executor, Object controller, Object[] arguments)
   at Microsoft.AspNetCore.Mvc.Infrastructure.ControllerActionInvoker.InvokeActionMethodAsync()
   at Microsoft.AspNetCore.Mvc.Infrastructure.ControllerActionInvoker.Next(State& next, Scope& scope, Object& state, Boolean& isCompleted)
   at Microsoft.AspNetCore.Mvc.Infrastructure.ControllerActionInvoker.InvokeNextActionFilterAsync()
--- End of stack trace from previous location ---
   at Microsoft.AspNetCore.Mvc.Infrastructure.ControllerActionInvoker.Rethrow(ActionExecutedContextSealed context)
   at Microsoft.AspNetCore.Mvc.Infrastructure.ControllerActionInvoker.Next(State& next, Scope& scope, Object& state, Boolean& isCompleted)
   at Microsoft.AspNetCore.Mvc.Infrastructure.ControllerActionInvoker.InvokeInnerFilterAsync()
--- End of stack trace from previous location ---
   at Microsoft.AspNetCore.Mvc.Infrastructure.ResourceInvoker.<InvokeNextExceptionFilterAsync>g__Awaited|25_0(ResourceInvoker invoker, Task lastTask, State next, Scope scope, Object state, Boolean isCompleted)


**************************************************************************************************************************
 日志时间 ： 2021-02-22 16:23:30.1693 
 日志来源 ： TaiheSystem.CBE.Api.Hostd.Global.GlobalExceptions 
 日志级别 ： ERROR 
 日志内容 ： 
【自定义错误】：The process cannot access the file 'D:\Work\CBE\openxmltext.docx' because it is being used by another process. 
【异常类型】：IOException 
【异常信息】：The process cannot access the file 'D:\Work\CBE\openxmltext.docx' because it is being used by another process. 
【堆栈调用】：   at System.IO.FileStream.ValidateFileHandle(SafeFileHandle fileHandle)
   at System.IO.FileStream.CreateFileOpenHandle(FileMode mode, FileShare share, FileOptions options)
   at System.IO.FileStream..ctor(String path, FileMode mode, FileAccess access, FileShare share, Int32 bufferSize, FileOptions options)
   at System.IO.FileStream..ctor(String path, FileMode mode, FileAccess access, FileShare share)
   at System.IO.Packaging.ZipPackage..ctor(String path, FileMode packageFileMode, FileAccess packageFileAccess, FileShare share)
   at System.IO.Packaging.Package.Open(String path, FileMode packageMode, FileAccess packageAccess, FileShare packageShare)
   at DocumentFormat.OpenXml.Packaging.OpenXmlPackage.OpenCore(String path, Boolean readWriteMode)
   at DocumentFormat.OpenXml.Packaging.WordprocessingDocument.Open(String path, Boolean isEditable, OpenSettings openSettings)
   at DocumentFormat.OpenXml.Packaging.WordprocessingDocument.Open(String path, Boolean isEditable)
   at TaiheSystem.CBE.Api.Generate.Class1.GenerateText() in D:\SourceCode\Taihe.CBE.API\TaiheSystem.CBE.Api.Generate\Class1.cs:line 31
   at TaiheSystem.CBE.Api.Generate.Class1.test() in D:\SourceCode\Taihe.CBE.API\TaiheSystem.CBE.Api.Generate\Class1.cs:line 21
   at TaiheSystem.CBE.Api.Hostd.Controllers.Evaluation.DataRecoveryController.Generate() in D:\SourceCode\Taihe.CBE.API\TaiheSystem.CBE.Api.Hostd\Controllers\Evaluation\DataRecoveryController.cs:line 279
   at lambda_method639(Closure , Object , Object[] )
   at Microsoft.AspNetCore.Mvc.Infrastructure.ActionMethodExecutor.SyncActionResultExecutor.Execute(IActionResultTypeMapper mapper, ObjectMethodExecutor executor, Object controller, Object[] arguments)
   at Microsoft.AspNetCore.Mvc.Infrastructure.ControllerActionInvoker.InvokeActionMethodAsync()
   at Microsoft.AspNetCore.Mvc.Infrastructure.ControllerActionInvoker.Next(State& next, Scope& scope, Object& state, Boolean& isCompleted)
   at Microsoft.AspNetCore.Mvc.Infrastructure.ControllerActionInvoker.InvokeNextActionFilterAsync()
--- End of stack trace from previous location ---
   at Microsoft.AspNetCore.Mvc.Infrastructure.ControllerActionInvoker.Rethrow(ActionExecutedContextSealed context)
   at Microsoft.AspNetCore.Mvc.Infrastructure.ControllerActionInvoker.Next(State& next, Scope& scope, Object& state, Boolean& isCompleted)
   at Microsoft.AspNetCore.Mvc.Infrastructure.ControllerActionInvoker.InvokeInnerFilterAsync()
--- End of stack trace from previous location ---
   at Microsoft.AspNetCore.Mvc.Infrastructure.ResourceInvoker.<InvokeNextExceptionFilterAsync>g__Awaited|25_0(ResourceInvoker invoker, Task lastTask, State next, Scope scope, Object state, Boolean isCompleted)


**************************************************************************************************************************
 日志时间 ： 2021-02-22 16:26:10.3867 
 日志来源 ： TaiheSystem.CBE.Api.Hostd.Global.GlobalExceptions 
 日志级别 ： ERROR 
 日志内容 ： 
【自定义错误】：The process cannot access the file 'D:\Work\CBE\CNAS图片.png' because it is being used by another process. 
【异常类型】：IOException 
【异常信息】：The process cannot access the file 'D:\Work\CBE\CNAS图片.png' because it is being used by another process. 
【堆栈调用】：   at System.IO.FileStream.ValidateFileHandle(SafeFileHandle fileHandle)
   at System.IO.FileStream.CreateFileOpenHandle(FileMode mode, FileShare share, FileOptions options)
   at System.IO.FileStream..ctor(String path, FileMode mode, FileAccess access, FileShare share, Int32 bufferSize, FileOptions options)
   at System.IO.FileStream..ctor(String path, FileMode mode)
   at TaiheSystem.CBE.Api.Generate.Class1.InsertAPicture(String fileName, String document, String bookmark)
   at TaiheSystem.CBE.Api.Generate.Class1.test()
   at TaiheSystem.CBE.Api.Hostd.Controllers.Evaluation.DataRecoveryController.Generate() in D:\SourceCode\Taihe.CBE.API\TaiheSystem.CBE.Api.Hostd\Controllers\Evaluation\DataRecoveryController.cs:line 279
   at lambda_method639(Closure , Object , Object[] )
   at Microsoft.AspNetCore.Mvc.Infrastructure.ActionMethodExecutor.SyncActionResultExecutor.Execute(IActionResultTypeMapper mapper, ObjectMethodExecutor executor, Object controller, Object[] arguments)
   at Microsoft.AspNetCore.Mvc.Infrastructure.ControllerActionInvoker.InvokeActionMethodAsync()
   at Microsoft.AspNetCore.Mvc.Infrastructure.ControllerActionInvoker.Next(State& next, Scope& scope, Object& state, Boolean& isCompleted)
   at Microsoft.AspNetCore.Mvc.Infrastructure.ControllerActionInvoker.InvokeNextActionFilterAsync()
--- End of stack trace from previous location ---
   at Microsoft.AspNetCore.Mvc.Infrastructure.ControllerActionInvoker.Rethrow(ActionExecutedContextSealed context)
   at Microsoft.AspNetCore.Mvc.Infrastructure.ControllerActionInvoker.Next(State& next, Scope& scope, Object& state, Boolean& isCompleted)
   at Microsoft.AspNetCore.Mvc.Infrastructure.ControllerActionInvoker.InvokeInnerFilterAsync()
--- End of stack trace from previous location ---
   at Microsoft.AspNetCore.Mvc.Infrastructure.ResourceInvoker.<InvokeNextExceptionFilterAsync>g__Awaited|25_0(ResourceInvoker invoker, Task lastTask, State next, Scope scope, Object state, Boolean isCompleted)


