**************************************************************************************************************************
 日志时间 ： 2021-03-02 09:17:33.8864 
 日志来源 ： Quartz.Simpl.TaskSchedulingThreadPool 
 日志级别 ： DEBUG 
 日志内容 ： TaskSchedulingThreadPool configured with max concurrency of 10 and TaskScheduler ThreadPoolTaskScheduler.

**************************************************************************************************************************
 日志时间 ： 2021-03-02 09:17:33.9617 
 日志来源 ： TaiheSystem.CBE.Api.Tasks.HostedService.Job1TimedService 
 日志级别 ： DEBUG 
 日志内容 ： Run RemoveExpiredSession Succeed.

**************************************************************************************************************************
 日志时间 ： 2021-03-02 09:22:33.4105 
 日志来源 ： TaiheSystem.CBE.Api.Tasks.HostedService.Job1TimedService 
 日志级别 ： DEBUG 
 日志内容 ： Run RemoveExpiredSession Succeed.

**************************************************************************************************************************
 日志时间 ： 2021-03-02 09:27:36.8535 
 日志来源 ： TaiheSystem.CBE.Api.Tasks.HostedService.Job1TimedService 
 日志级别 ： DEBUG 
 日志内容 ： Run RemoveExpiredSession Succeed.

**************************************************************************************************************************
 日志时间 ： 2021-03-02 09:32:33.5410 
 日志来源 ： TaiheSystem.CBE.Api.Tasks.HostedService.Job1TimedService 
 日志级别 ： DEBUG 
 日志内容 ： Run RemoveExpiredSession Succeed.

**************************************************************************************************************************
 日志时间 ： 2021-03-02 09:32:51.4505 
 日志来源 ： Quartz.Simpl.TaskSchedulingThreadPool 
 日志级别 ： DEBUG 
 日志内容 ： TaskSchedulingThreadPool configured with max concurrency of 10 and TaskScheduler ThreadPoolTaskScheduler.

**************************************************************************************************************************
 日志时间 ： 2021-03-02 09:32:51.5223 
 日志来源 ： TaiheSystem.CBE.Api.Tasks.HostedService.Job1TimedService 
 日志级别 ： DEBUG 
 日志内容 ： Run RemoveExpiredSession Succeed.

**************************************************************************************************************************
 日志时间 ： 2021-03-02 09:37:51.0380 
 日志来源 ： TaiheSystem.CBE.Api.Tasks.HostedService.Job1TimedService 
 日志级别 ： DEBUG 
 日志内容 ： Run RemoveExpiredSession Succeed.

**************************************************************************************************************************
 日志时间 ： 2021-03-02 09:38:13.1709 
 日志来源 ： Quartz.Simpl.TaskSchedulingThreadPool 
 日志级别 ： DEBUG 
 日志内容 ： TaskSchedulingThreadPool configured with max concurrency of 10 and TaskScheduler ThreadPoolTaskScheduler.

**************************************************************************************************************************
 日志时间 ： 2021-03-02 09:38:13.1902 
 日志来源 ： TaiheSystem.CBE.Api.Tasks.HostedService.Job1TimedService 
 日志级别 ： DEBUG 
 日志内容 ： Run RemoveExpiredSession Succeed.

**************************************************************************************************************************
 日志时间 ： 2021-03-02 10:08:23.8787 
 日志来源 ： Quartz.Simpl.TaskSchedulingThreadPool 
 日志级别 ： DEBUG 
 日志内容 ： TaskSchedulingThreadPool configured with max concurrency of 10 and TaskScheduler ThreadPoolTaskScheduler.

**************************************************************************************************************************
 日志时间 ： 2021-03-02 10:08:23.9545 
 日志来源 ： TaiheSystem.CBE.Api.Tasks.HostedService.Job1TimedService 
 日志级别 ： DEBUG 
 日志内容 ： Run RemoveExpiredSession Succeed.

**************************************************************************************************************************
 日志时间 ： 2021-03-02 10:19:47.3104 
 日志来源 ： Quartz.Simpl.TaskSchedulingThreadPool 
 日志级别 ： DEBUG 
 日志内容 ： TaskSchedulingThreadPool configured with max concurrency of 10 and TaskScheduler ThreadPoolTaskScheduler.

**************************************************************************************************************************
 日志时间 ： 2021-03-02 10:19:47.4163 
 日志来源 ： TaiheSystem.CBE.Api.Tasks.HostedService.Job1TimedService 
 日志级别 ： DEBUG 
 日志内容 ： Run RemoveExpiredSession Succeed.

