**************************************************************************************************************************
 日志时间 ： 2020-12-24 16:23:00.3884 
 日志来源 ： Meiam.System.Hostd.Global.GlobalExceptions 
 日志级别 ： ERROR 
 日志内容 ： 
【自定义错误】：关键字 'lineNo' 附近有语法错误。
“MergeTable”附近有语法错误。 
【异常类型】：SqlException 
【异常信息】：关键字 'lineNo' 附近有语法错误。
“MergeTable”附近有语法错误。 
【堆栈调用】：   at SqlSugar.AdoProvider.GetDataReader(String sql, SugarParameter[] parameters)
   at SqlSugar.QueryableProvider`1.GetData[TResult](KeyValuePair`2 sqlObj)
   at SqlSugar.QueryableProvider`1._ToList[TResult]()
   at SqlSugar.QueryableProvider`1.ToList()
   at SqlSugar.QueryableProvider`1.ToPageList(Int32 pageIndex, Int32 pageSize)
   at Meiam.System.Interfaces.QueryableExtension.ToPage[T](ISugarQueryable`1 source, PageParm parm) in D:\SourceCode\Meiam.System\Meiam.System.Interfaces\Extensions\QueryableExtension.cs:line 67
   at Meiam.System.Interfaces.BaseProductLineService.QueryLinePages(ProductLineQueryDto parm) in D:\SourceCode\Meiam.System\Meiam.System.Interfaces\Service\BaseProductLineService.cs:line 63
   at Castle.Proxies.Invocations.IBaseProductLineService_QueryLinePages.InvokeMethodOnTarget()
   at Castle.DynamicProxy.AbstractInvocation.Proceed()
   at Castle.Proxies.IBaseService`1Proxy_8.QueryLinePages(ProductLineQueryDto parm)
   at Meiam.System.Hostd.Controllers.Basic.ProductLineController.Query(ProductLineQueryDto parm) in D:\SourceCode\Meiam.System\Meiam.System.Hostd\Controllers\Basic\ProductLineController.cs:line 57
   at lambda_method793(Closure , Object , Object[] )
   at Microsoft.AspNetCore.Mvc.Infrastructure.ActionMethodExecutor.SyncActionResultExecutor.Execute(IActionResultTypeMapper mapper, ObjectMethodExecutor executor, Object controller, Object[] arguments)
   at Microsoft.AspNetCore.Mvc.Infrastructure.ControllerActionInvoker.InvokeActionMethodAsync()
   at Microsoft.AspNetCore.Mvc.Infrastructure.ControllerActionInvoker.Next(State& next, Scope& scope, Object& state, Boolean& isCompleted)
   at Microsoft.AspNetCore.Mvc.Infrastructure.ControllerActionInvoker.InvokeNextActionFilterAsync()
--- End of stack trace from previous location ---
   at Microsoft.AspNetCore.Mvc.Infrastructure.ControllerActionInvoker.Rethrow(ActionExecutedContextSealed context)
   at Microsoft.AspNetCore.Mvc.Infrastructure.ControllerActionInvoker.Next(State& next, Scope& scope, Object& state, Boolean& isCompleted)
   at Microsoft.AspNetCore.Mvc.Infrastructure.ControllerActionInvoker.InvokeInnerFilterAsync()
--- End of stack trace from previous location ---
   at Microsoft.AspNetCore.Mvc.Infrastructure.ResourceInvoker.<InvokeNextExceptionFilterAsync>g__Awaited|25_0(ResourceInvoker invoker, Task lastTask, State next, Scope scope, Object state, Boolean isCompleted)


**************************************************************************************************************************
 日志时间 ： 2020-12-24 17:51:28.8015 
 日志来源 ： Taihe.System.Hostd.Global.GlobalExceptions 
 日志级别 ： ERROR 
 日志内容 ： 
【自定义错误】：关键字 'lineNo' 附近有语法错误。
“MergeTable”附近有语法错误。 
【异常类型】：SqlException 
【异常信息】：关键字 'lineNo' 附近有语法错误。
“MergeTable”附近有语法错误。 
【堆栈调用】：   at SqlSugar.AdoProvider.GetDataReader(String sql, SugarParameter[] parameters)
   at SqlSugar.QueryableProvider`1.GetData[TResult](KeyValuePair`2 sqlObj)
   at SqlSugar.QueryableProvider`1._ToList[TResult]()
   at SqlSugar.QueryableProvider`1.ToList()
   at SqlSugar.QueryableProvider`1.ToPageList(Int32 pageIndex, Int32 pageSize)
   at Taihe.System.Interfaces.QueryableExtension.ToPage[T](ISugarQueryable`1 source, PageParm parm) in D:\SourceCode\Taihe.System\Taihe.System.Interfaces\Extensions\QueryableExtension.cs:line 67
   at Taihe.System.Interfaces.BaseProductLineService.QueryLinePages(ProductLineQueryDto parm) in D:\SourceCode\Taihe.System\Taihe.System.Interfaces\Service\BaseProductLineService.cs:line 63
   at Castle.Proxies.Invocations.IBaseProductLineService_QueryLinePages.InvokeMethodOnTarget()
   at Castle.DynamicProxy.AbstractInvocation.Proceed()
   at Castle.Proxies.IBaseService`1Proxy_8.QueryLinePages(ProductLineQueryDto parm)
   at Taihe.System.Hostd.Controllers.Basic.ProductLineController.Query(ProductLineQueryDto parm) in D:\SourceCode\Taihe.System\Taihe.System.Hostd\Controllers\Basic\ProductLineController.cs:line 57
   at lambda_method848(Closure , Object , Object[] )
   at Microsoft.AspNetCore.Mvc.Infrastructure.ActionMethodExecutor.SyncActionResultExecutor.Execute(IActionResultTypeMapper mapper, ObjectMethodExecutor executor, Object controller, Object[] arguments)
   at Microsoft.AspNetCore.Mvc.Infrastructure.ControllerActionInvoker.InvokeActionMethodAsync()
   at Microsoft.AspNetCore.Mvc.Infrastructure.ControllerActionInvoker.Next(State& next, Scope& scope, Object& state, Boolean& isCompleted)
   at Microsoft.AspNetCore.Mvc.Infrastructure.ControllerActionInvoker.InvokeNextActionFilterAsync()
--- End of stack trace from previous location ---
   at Microsoft.AspNetCore.Mvc.Infrastructure.ControllerActionInvoker.Rethrow(ActionExecutedContextSealed context)
   at Microsoft.AspNetCore.Mvc.Infrastructure.ControllerActionInvoker.Next(State& next, Scope& scope, Object& state, Boolean& isCompleted)
   at Microsoft.AspNetCore.Mvc.Infrastructure.ControllerActionInvoker.InvokeInnerFilterAsync()
--- End of stack trace from previous location ---
   at Microsoft.AspNetCore.Mvc.Infrastructure.ResourceInvoker.<InvokeNextExceptionFilterAsync>g__Awaited|25_0(ResourceInvoker invoker, Task lastTask, State next, Scope scope, Object state, Boolean isCompleted)


**************************************************************************************************************************
 日志时间 ： 2020-12-24 18:45:14.2637 
 日志来源 ： Taihe.System.Hostd.Global.GlobalExceptions 
 日志级别 ： ERROR 
 日志内容 ： 
【自定义错误】：Could not load file or assembly 'Meiam.System.Tasks, Culture=neutral, PublicKeyToken=null'. 系统找不到指定的文件。 
【异常类型】：FileNotFoundException 
【异常信息】：Could not load file or assembly 'Meiam.System.Tasks, Culture=neutral, PublicKeyToken=null'. 系统找不到指定的文件。 
【堆栈调用】：   at System.Reflection.RuntimeAssembly.InternalLoad(ObjectHandleOnStack assemblyName, ObjectHandleOnStack requestingAssembly, StackCrawlMarkHandle stackMark, Boolean throwOnFileNotFound, ObjectHandleOnStack assemblyLoadContext, ObjectHandleOnStack retAssembly)
   at System.Reflection.RuntimeAssembly.InternalLoad(AssemblyName assemblyName, RuntimeAssembly requestingAssembly, StackCrawlMark& stackMark, Boolean throwOnFileNotFound, AssemblyLoadContext assemblyLoadContext)
   at System.Reflection.Assembly.Load(AssemblyName assemblyRef)
   at Taihe.System.Tasks.TaskSchedulerServer.AddTaskScheduleAsync(Sys_TasksQz tasksQz) in D:\SourceCode\Taihe.System\Taihe.System.Tasks\TaskSchedulerServer.cs:line 150
   at Taihe.System.Hostd.Controllers.System.TasksController.Start(String id) in D:\SourceCode\Taihe.System\Taihe.System.Hostd\Controllers\System\TasksController.cs:line 246
   at Microsoft.AspNetCore.Mvc.Infrastructure.ActionMethodExecutor.TaskOfIActionResultExecutor.Execute(IActionResultTypeMapper mapper, ObjectMethodExecutor executor, Object controller, Object[] arguments)
   at Microsoft.AspNetCore.Mvc.Infrastructure.ControllerActionInvoker.<InvokeActionMethodAsync>g__Awaited|12_0(ControllerActionInvoker invoker, ValueTask`1 actionResultValueTask)
   at Microsoft.AspNetCore.Mvc.Infrastructure.ControllerActionInvoker.<InvokeNextActionFilterAsync>g__Awaited|10_0(ControllerActionInvoker invoker, Task lastTask, State next, Scope scope, Object state, Boolean isCompleted)
   at Microsoft.AspNetCore.Mvc.Infrastructure.ControllerActionInvoker.Rethrow(ActionExecutedContextSealed context)
   at Microsoft.AspNetCore.Mvc.Infrastructure.ControllerActionInvoker.Next(State& next, Scope& scope, Object& state, Boolean& isCompleted)
   at Microsoft.AspNetCore.Mvc.Infrastructure.ControllerActionInvoker.InvokeInnerFilterAsync()
--- End of stack trace from previous location ---
   at Microsoft.AspNetCore.Mvc.Infrastructure.ResourceInvoker.<InvokeNextExceptionFilterAsync>g__Awaited|25_0(ResourceInvoker invoker, Task lastTask, State next, Scope scope, Object state, Boolean isCompleted)


