**************************************************************************************************************************
 日志时间 ： 2021-01-29 09:07:48.4914 
 日志来源 ： Quartz.Simpl.TaskSchedulingThreadPool 
 日志级别 ： DEBUG 
 日志内容 ： TaskSchedulingThreadPool configured with max concurrency of 10 and TaskScheduler ThreadPoolTaskScheduler.

**************************************************************************************************************************
 日志时间 ： 2021-01-29 09:07:49.0306 
 日志来源 ： TaiheSystem.CBE.Api.Tasks.HostedService.Job1TimedService 
 日志级别 ： DEBUG 
 日志内容 ： Run RemoveExpiredSession Succeed.

**************************************************************************************************************************
 日志时间 ： 2021-01-29 12:40:35.1932 
 日志来源 ： Quartz.Simpl.TaskSchedulingThreadPool 
 日志级别 ： DEBUG 
 日志内容 ： TaskSchedulingThreadPool configured with max concurrency of 10 and TaskScheduler ThreadPoolTaskScheduler.

**************************************************************************************************************************
 日志时间 ： 2021-01-29 12:40:35.4644 
 日志来源 ： TaiheSystem.CBE.Api.Tasks.HostedService.Job1TimedService 
 日志级别 ： DEBUG 
 日志内容 ： Run RemoveExpiredSession Succeed.

**************************************************************************************************************************
 日志时间 ： 2021-01-29 12:41:38.0170 
 日志来源 ： Quartz.Simpl.TaskSchedulingThreadPool 
 日志级别 ： DEBUG 
 日志内容 ： TaskSchedulingThreadPool configured with max concurrency of 10 and TaskScheduler ThreadPoolTaskScheduler.

**************************************************************************************************************************
 日志时间 ： 2021-01-29 12:41:38.2949 
 日志来源 ： TaiheSystem.CBE.Api.Tasks.HostedService.Job1TimedService 
 日志级别 ： DEBUG 
 日志内容 ： Run RemoveExpiredSession Succeed.

**************************************************************************************************************************
 日志时间 ： 2021-01-29 12:46:29.1608 
 日志来源 ： Quartz.Simpl.TaskSchedulingThreadPool 
 日志级别 ： DEBUG 
 日志内容 ： TaskSchedulingThreadPool configured with max concurrency of 10 and TaskScheduler ThreadPoolTaskScheduler.

**************************************************************************************************************************
 日志时间 ： 2021-01-29 12:46:29.4837 
 日志来源 ： TaiheSystem.CBE.Api.Tasks.HostedService.Job1TimedService 
 日志级别 ： DEBUG 
 日志内容 ： Run RemoveExpiredSession Succeed.

**************************************************************************************************************************
 日志时间 ： 2021-01-29 15:22:00.2803 
 日志来源 ： Quartz.Simpl.TaskSchedulingThreadPool 
 日志级别 ： DEBUG 
 日志内容 ： TaskSchedulingThreadPool configured with max concurrency of 10 and TaskScheduler ThreadPoolTaskScheduler.

**************************************************************************************************************************
 日志时间 ： 2021-01-29 15:22:00.6144 
 日志来源 ： TaiheSystem.CBE.Api.Tasks.HostedService.Job1TimedService 
 日志级别 ： DEBUG 
 日志内容 ： Run RemoveExpiredSession Succeed.

**************************************************************************************************************************
 日志时间 ： 2021-01-29 15:27:00.1182 
 日志来源 ： TaiheSystem.CBE.Api.Tasks.HostedService.Job1TimedService 
 日志级别 ： DEBUG 
 日志内容 ： Run RemoveExpiredSession Succeed.

**************************************************************************************************************************
 日志时间 ： 2021-01-29 15:32:00.2272 
 日志来源 ： TaiheSystem.CBE.Api.Tasks.HostedService.Job1TimedService 
 日志级别 ： DEBUG 
 日志内容 ： Run RemoveExpiredSession Succeed.

**************************************************************************************************************************
 日志时间 ： 2021-01-29 15:36:05.7212 
 日志来源 ： Quartz.Simpl.TaskSchedulingThreadPool 
 日志级别 ： DEBUG 
 日志内容 ： TaskSchedulingThreadPool configured with max concurrency of 10 and TaskScheduler ThreadPoolTaskScheduler.

**************************************************************************************************************************
 日志时间 ： 2021-01-29 15:36:06.0585 
 日志来源 ： TaiheSystem.CBE.Api.Tasks.HostedService.Job1TimedService 
 日志级别 ： DEBUG 
 日志内容 ： Run RemoveExpiredSession Succeed.

**************************************************************************************************************************
 日志时间 ： 2021-01-29 15:40:12.3312 
 日志来源 ： Quartz.Simpl.TaskSchedulingThreadPool 
 日志级别 ： DEBUG 
 日志内容 ： TaskSchedulingThreadPool configured with max concurrency of 10 and TaskScheduler ThreadPoolTaskScheduler.

**************************************************************************************************************************
 日志时间 ： 2021-01-29 15:40:12.6150 
 日志来源 ： TaiheSystem.CBE.Api.Tasks.HostedService.Job1TimedService 
 日志级别 ： DEBUG 
 日志内容 ： Run RemoveExpiredSession Succeed.

**************************************************************************************************************************
 日志时间 ： 2021-01-29 15:56:18.2787 
 日志来源 ： Quartz.Simpl.TaskSchedulingThreadPool 
 日志级别 ： DEBUG 
 日志内容 ： TaskSchedulingThreadPool configured with max concurrency of 10 and TaskScheduler ThreadPoolTaskScheduler.

**************************************************************************************************************************
 日志时间 ： 2021-01-29 15:56:18.6027 
 日志来源 ： TaiheSystem.CBE.Api.Tasks.HostedService.Job1TimedService 
 日志级别 ： DEBUG 
 日志内容 ： Run RemoveExpiredSession Succeed.

**************************************************************************************************************************
 日志时间 ： 2021-01-29 16:00:20.7348 
 日志来源 ： Quartz.Simpl.TaskSchedulingThreadPool 
 日志级别 ： DEBUG 
 日志内容 ： TaskSchedulingThreadPool configured with max concurrency of 10 and TaskScheduler ThreadPoolTaskScheduler.

**************************************************************************************************************************
 日志时间 ： 2021-01-29 16:00:21.0424 
 日志来源 ： TaiheSystem.CBE.Api.Tasks.HostedService.Job1TimedService 
 日志级别 ： DEBUG 
 日志内容 ： Run RemoveExpiredSession Succeed.

**************************************************************************************************************************
 日志时间 ： 2021-01-29 16:07:11.4003 
 日志来源 ： Quartz.Simpl.TaskSchedulingThreadPool 
 日志级别 ： DEBUG 
 日志内容 ： TaskSchedulingThreadPool configured with max concurrency of 10 and TaskScheduler ThreadPoolTaskScheduler.

**************************************************************************************************************************
 日志时间 ： 2021-01-29 16:07:11.6809 
 日志来源 ： TaiheSystem.CBE.Api.Tasks.HostedService.Job1TimedService 
 日志级别 ： DEBUG 
 日志内容 ： Run RemoveExpiredSession Succeed.

**************************************************************************************************************************
 日志时间 ： 2021-01-29 16:07:54.7628 
 日志来源 ： Quartz.Simpl.TaskSchedulingThreadPool 
 日志级别 ： DEBUG 
 日志内容 ： TaskSchedulingThreadPool configured with max concurrency of 10 and TaskScheduler ThreadPoolTaskScheduler.

**************************************************************************************************************************
 日志时间 ： 2021-01-29 16:07:55.0249 
 日志来源 ： TaiheSystem.CBE.Api.Tasks.HostedService.Job1TimedService 
 日志级别 ： DEBUG 
 日志内容 ： Run RemoveExpiredSession Succeed.

**************************************************************************************************************************
 日志时间 ： 2021-01-29 16:24:48.5005 
 日志来源 ： Quartz.Simpl.TaskSchedulingThreadPool 
 日志级别 ： DEBUG 
 日志内容 ： TaskSchedulingThreadPool configured with max concurrency of 10 and TaskScheduler ThreadPoolTaskScheduler.

**************************************************************************************************************************
 日志时间 ： 2021-01-29 16:24:48.8140 
 日志来源 ： TaiheSystem.CBE.Api.Tasks.HostedService.Job1TimedService 
 日志级别 ： DEBUG 
 日志内容 ： Run RemoveExpiredSession Succeed.

**************************************************************************************************************************
 日志时间 ： 2021-01-29 16:27:36.5825 
 日志来源 ： Quartz.Simpl.TaskSchedulingThreadPool 
 日志级别 ： DEBUG 
 日志内容 ： TaskSchedulingThreadPool configured with max concurrency of 10 and TaskScheduler ThreadPoolTaskScheduler.

**************************************************************************************************************************
 日志时间 ： 2021-01-29 16:27:36.8938 
 日志来源 ： TaiheSystem.CBE.Api.Tasks.HostedService.Job1TimedService 
 日志级别 ： DEBUG 
 日志内容 ： Run RemoveExpiredSession Succeed.

**************************************************************************************************************************
 日志时间 ： 2021-01-29 16:32:37.6403 
 日志来源 ： TaiheSystem.CBE.Api.Tasks.HostedService.Job1TimedService 
 日志级别 ： DEBUG 
 日志内容 ： Run RemoveExpiredSession Succeed.

**************************************************************************************************************************
 日志时间 ： 2021-01-29 17:15:18.2621 
 日志来源 ： Quartz.Simpl.TaskSchedulingThreadPool 
 日志级别 ： DEBUG 
 日志内容 ： TaskSchedulingThreadPool configured with max concurrency of 10 and TaskScheduler ThreadPoolTaskScheduler.

**************************************************************************************************************************
 日志时间 ： 2021-01-29 17:15:18.5674 
 日志来源 ： TaiheSystem.CBE.Api.Tasks.HostedService.Job1TimedService 
 日志级别 ： DEBUG 
 日志内容 ： Run RemoveExpiredSession Succeed.

**************************************************************************************************************************
 日志时间 ： 2021-01-29 17:18:56.4828 
 日志来源 ： Quartz.Simpl.TaskSchedulingThreadPool 
 日志级别 ： DEBUG 
 日志内容 ： TaskSchedulingThreadPool configured with max concurrency of 10 and TaskScheduler ThreadPoolTaskScheduler.

**************************************************************************************************************************
 日志时间 ： 2021-01-29 17:18:56.8246 
 日志来源 ： TaiheSystem.CBE.Api.Tasks.HostedService.Job1TimedService 
 日志级别 ： DEBUG 
 日志内容 ： Run RemoveExpiredSession Succeed.

**************************************************************************************************************************
 日志时间 ： 2021-01-29 17:23:18.9360 
 日志来源 ： Quartz.Simpl.TaskSchedulingThreadPool 
 日志级别 ： DEBUG 
 日志内容 ： TaskSchedulingThreadPool configured with max concurrency of 10 and TaskScheduler ThreadPoolTaskScheduler.

**************************************************************************************************************************
 日志时间 ： 2021-01-29 17:23:19.2388 
 日志来源 ： TaiheSystem.CBE.Api.Tasks.HostedService.Job1TimedService 
 日志级别 ： DEBUG 
 日志内容 ： Run RemoveExpiredSession Succeed.

**************************************************************************************************************************
 日志时间 ： 2021-01-29 17:25:22.6090 
 日志来源 ： Quartz.Simpl.TaskSchedulingThreadPool 
 日志级别 ： DEBUG 
 日志内容 ： TaskSchedulingThreadPool configured with max concurrency of 10 and TaskScheduler ThreadPoolTaskScheduler.

**************************************************************************************************************************
 日志时间 ： 2021-01-29 17:25:23.0665 
 日志来源 ： TaiheSystem.CBE.Api.Tasks.HostedService.Job1TimedService 
 日志级别 ： DEBUG 
 日志内容 ： Run RemoveExpiredSession Succeed.

**************************************************************************************************************************
 日志时间 ： 2021-01-29 17:30:22.4684 
 日志来源 ： TaiheSystem.CBE.Api.Tasks.HostedService.Job1TimedService 
 日志级别 ： DEBUG 
 日志内容 ： Run RemoveExpiredSession Succeed.

**************************************************************************************************************************
 日志时间 ： 2021-01-29 17:47:54.3584 
 日志来源 ： Quartz.Simpl.TaskSchedulingThreadPool 
 日志级别 ： DEBUG 
 日志内容 ： TaskSchedulingThreadPool configured with max concurrency of 10 and TaskScheduler ThreadPoolTaskScheduler.

**************************************************************************************************************************
 日志时间 ： 2021-01-29 17:47:54.6746 
 日志来源 ： TaiheSystem.CBE.Api.Tasks.HostedService.Job1TimedService 
 日志级别 ： DEBUG 
 日志内容 ： Run RemoveExpiredSession Succeed.

