**************************************************************************************************************************
 日志时间 ： 2021-01-22 11:31:48.6012 
 日志来源 ： Microsoft.AspNetCore.Diagnostics.DeveloperExceptionPageMiddleware 
 日志级别 ： ERROR 
 日志内容 ： An unhandled exception has occurred while executing the request.

**************************************************************************************************************************
 日志时间 ： 2021-01-22 11:31:55.1805 
 日志来源 ： Microsoft.AspNetCore.Diagnostics.DeveloperExceptionPageMiddleware 
 日志级别 ： ERROR 
 日志内容 ： An unhandled exception has occurred while executing the request.

**************************************************************************************************************************
 日志时间 ： 2021-01-22 13:48:31.8929 
 日志来源 ： TaiheSystem.CBE.Api.Hostd.Global.GlobalExceptions 
 日志级别 ： ERROR 
 日志内容 ： 
【自定义错误】：Queryable.In(params object[] pkValues): Only one primary key 
【异常类型】：SqlSugarException 
【异常信息】：Queryable.In(params object[] pkValues): Only one primary key 
【堆栈调用】：   at SqlSugar.Check.Exception(Boolean isException, String message, String[] args)
   at SqlSugar.QueryableProvider`1.In[TParamter](TParamter[] pkValues)
   at SqlSugar.QueryableProvider`1.InSingle(Object pkValue)
   at TaiheSystem.CBE.Api.Interfaces.BaseService`1.GetId(Object pkValue) in D:\SourceCode\Taihe.CBE.API\TaiheSystem.CBE.Api.Interfaces\BaseService.cs:line 151
   at Castle.Proxies.Invocations.IBaseService`1_GetId_3.InvokeMethodOnTarget()
   at Castle.DynamicProxy.AbstractInvocation.Proceed()
   at Castle.Proxies.IBaseService`1Proxy_3.GetId(Object pkValue)
   at TaiheSystem.CBE.Api.Hostd.Controllers.Standard.SysStandardController.Get(String id) in D:\SourceCode\Taihe.CBE.API\TaiheSystem.CBE.Api.Hostd\Controllers\Standard\SysStandardController.cs:line 98
   at lambda_method699(Closure , Object , Object[] )
   at Microsoft.AspNetCore.Mvc.Infrastructure.ActionMethodExecutor.SyncActionResultExecutor.Execute(IActionResultTypeMapper mapper, ObjectMethodExecutor executor, Object controller, Object[] arguments)
   at Microsoft.AspNetCore.Mvc.Infrastructure.ControllerActionInvoker.InvokeActionMethodAsync()
   at Microsoft.AspNetCore.Mvc.Infrastructure.ControllerActionInvoker.Next(State& next, Scope& scope, Object& state, Boolean& isCompleted)
   at Microsoft.AspNetCore.Mvc.Infrastructure.ControllerActionInvoker.InvokeNextActionFilterAsync()
--- End of stack trace from previous location ---
   at Microsoft.AspNetCore.Mvc.Infrastructure.ControllerActionInvoker.Rethrow(ActionExecutedContextSealed context)
   at Microsoft.AspNetCore.Mvc.Infrastructure.ControllerActionInvoker.Next(State& next, Scope& scope, Object& state, Boolean& isCompleted)
   at Microsoft.AspNetCore.Mvc.Infrastructure.ControllerActionInvoker.InvokeInnerFilterAsync()
--- End of stack trace from previous location ---
   at Microsoft.AspNetCore.Mvc.Infrastructure.ResourceInvoker.<InvokeNextExceptionFilterAsync>g__Awaited|25_0(ResourceInvoker invoker, Task lastTask, State next, Scope scope, Object state, Boolean isCompleted)


