**************************************************************************************************************************
 日志时间 ： 2021-01-14 09:54:12.0478 
 日志来源 ： Taihe.System.Hostd.Global.GlobalExceptions 
 日志级别 ： ERROR 
 日志内容 ： 
【自定义错误】：关键字 'option' 附近有语法错误。 
【异常类型】：SqlException 
【异常信息】：关键字 'option' 附近有语法错误。 
【堆栈调用】：   at SqlSugar.AdoProvider.GetDataReader(String sql, SugarParameter[] parameters)
   at SqlSugar.QueryableProvider`1.GetData[TResult](KeyValuePair`2 sqlObj)
   at SqlSugar.QueryableProvider`1._ToList[TResult]()
   at SqlSugar.QueryableProvider`1.ToList()
   at SqlSugar.QueryableProvider`1.ToPageList(Int32 pageIndex, Int32 pageSize)
   at Taihe.System.Interfaces.QueryableExtension.ToPage[T](ISugarQueryable`1 source, PageParm parm) in D:\SourceCode\Taihe.System\Taihe.System.Interfaces\Extensions\QueryableExtension.cs:line 67
   at Taihe.System.Interfaces.BaseService`1.GetPages(Expression`1 where, PageParm parm) in D:\SourceCode\Taihe.System\Taihe.System.Interfaces\BaseService.cs:line 215
   at Castle.Proxies.Invocations.IBaseService`1_GetPages_11.InvokeMethodOnTarget()
   at Castle.DynamicProxy.AbstractInvocation.Proceed()
   at Castle.Proxies.IBaseService`1Proxy_11.GetPages(Expression`1 where, PageParm parm)
   at Taihe.System.Hostd.Controllers.System.OptionsController.Query(OptionsQueryDto parm) in D:\SourceCode\Taihe.System\Taihe.System.Hostd\Controllers\System\OptionController.cs:line 59
   at lambda_method1102(Closure , Object , Object[] )
   at Microsoft.AspNetCore.Mvc.Infrastructure.ActionMethodExecutor.SyncActionResultExecutor.Execute(IActionResultTypeMapper mapper, ObjectMethodExecutor executor, Object controller, Object[] arguments)
   at Microsoft.AspNetCore.Mvc.Infrastructure.ControllerActionInvoker.InvokeActionMethodAsync()
   at Microsoft.AspNetCore.Mvc.Infrastructure.ControllerActionInvoker.Next(State& next, Scope& scope, Object& state, Boolean& isCompleted)
   at Microsoft.AspNetCore.Mvc.Infrastructure.ControllerActionInvoker.InvokeNextActionFilterAsync()
--- End of stack trace from previous location ---
   at Microsoft.AspNetCore.Mvc.Infrastructure.ControllerActionInvoker.Rethrow(ActionExecutedContextSealed context)
   at Microsoft.AspNetCore.Mvc.Infrastructure.ControllerActionInvoker.Next(State& next, Scope& scope, Object& state, Boolean& isCompleted)
   at Microsoft.AspNetCore.Mvc.Infrastructure.ControllerActionInvoker.InvokeInnerFilterAsync()
--- End of stack trace from previous location ---
   at Microsoft.AspNetCore.Mvc.Infrastructure.ResourceInvoker.<InvokeNextExceptionFilterAsync>g__Awaited|25_0(ResourceInvoker invoker, Task lastTask, State next, Scope scope, Object state, Boolean isCompleted)


**************************************************************************************************************************
 日志时间 ： 2021-01-14 09:55:08.6432 
 日志来源 ： Taihe.System.Hostd.Global.GlobalExceptions 
 日志级别 ： ERROR 
 日志内容 ： 
【自定义错误】：关键字 'option' 附近有语法错误。 
【异常类型】：SqlException 
【异常信息】：关键字 'option' 附近有语法错误。 
【堆栈调用】：   at SqlSugar.AdoProvider.GetDataReader(String sql, SugarParameter[] parameters)
   at SqlSugar.QueryableProvider`1.GetData[TResult](KeyValuePair`2 sqlObj)
   at SqlSugar.QueryableProvider`1._ToList[TResult]()
   at SqlSugar.QueryableProvider`1.ToList()
   at SqlSugar.QueryableProvider`1.ToPageList(Int32 pageIndex, Int32 pageSize)
   at Taihe.System.Interfaces.QueryableExtension.ToPage[T](ISugarQueryable`1 source, PageParm parm) in D:\SourceCode\Taihe.System\Taihe.System.Interfaces\Extensions\QueryableExtension.cs:line 67
   at Taihe.System.Interfaces.BaseService`1.GetPages(Expression`1 where, PageParm parm) in D:\SourceCode\Taihe.System\Taihe.System.Interfaces\BaseService.cs:line 215
   at Castle.Proxies.Invocations.IBaseService`1_GetPages_11.InvokeMethodOnTarget()
   at Castle.DynamicProxy.AbstractInvocation.Proceed()
   at Castle.Proxies.IBaseService`1Proxy_11.GetPages(Expression`1 where, PageParm parm)
   at Taihe.System.Hostd.Controllers.System.OptionsController.Query(OptionsQueryDto parm) in D:\SourceCode\Taihe.System\Taihe.System.Hostd\Controllers\System\OptionController.cs:line 59
   at lambda_method1102(Closure , Object , Object[] )
   at Microsoft.AspNetCore.Mvc.Infrastructure.ActionMethodExecutor.SyncActionResultExecutor.Execute(IActionResultTypeMapper mapper, ObjectMethodExecutor executor, Object controller, Object[] arguments)
   at Microsoft.AspNetCore.Mvc.Infrastructure.ControllerActionInvoker.InvokeActionMethodAsync()
   at Microsoft.AspNetCore.Mvc.Infrastructure.ControllerActionInvoker.Next(State& next, Scope& scope, Object& state, Boolean& isCompleted)
   at Microsoft.AspNetCore.Mvc.Infrastructure.ControllerActionInvoker.InvokeNextActionFilterAsync()
--- End of stack trace from previous location ---
   at Microsoft.AspNetCore.Mvc.Infrastructure.ControllerActionInvoker.Rethrow(ActionExecutedContextSealed context)
   at Microsoft.AspNetCore.Mvc.Infrastructure.ControllerActionInvoker.Next(State& next, Scope& scope, Object& state, Boolean& isCompleted)
   at Microsoft.AspNetCore.Mvc.Infrastructure.ControllerActionInvoker.InvokeInnerFilterAsync()
--- End of stack trace from previous location ---
   at Microsoft.AspNetCore.Mvc.Infrastructure.ResourceInvoker.<InvokeNextExceptionFilterAsync>g__Awaited|25_0(ResourceInvoker invoker, Task lastTask, State next, Scope scope, Object state, Boolean isCompleted)


**************************************************************************************************************************
 日志时间 ： 2021-01-14 09:58:12.6551 
 日志来源 ： Taihe.System.Hostd.Global.GlobalExceptions 
 日志级别 ： ERROR 
 日志内容 ： 
【自定义错误】：关键字 'Option' 附近有语法错误。 
【异常类型】：SqlException 
【异常信息】：关键字 'Option' 附近有语法错误。 
【堆栈调用】：   at SqlSugar.AdoProvider.GetDataReader(String sql, SugarParameter[] parameters)
   at SqlSugar.QueryableProvider`1.GetData[TResult](KeyValuePair`2 sqlObj)
   at SqlSugar.QueryableProvider`1._ToList[TResult]()
   at SqlSugar.QueryableProvider`1.ToList()
   at SqlSugar.QueryableProvider`1.ToPageList(Int32 pageIndex, Int32 pageSize)
   at Taihe.System.Interfaces.QueryableExtension.ToPage[T](ISugarQueryable`1 source, PageParm parm) in D:\SourceCode\Taihe.System\Taihe.System.Interfaces\Extensions\QueryableExtension.cs:line 67
   at Taihe.System.Interfaces.BaseService`1.GetPages(Expression`1 where, PageParm parm) in D:\SourceCode\Taihe.System\Taihe.System.Interfaces\BaseService.cs:line 215
   at Castle.Proxies.Invocations.IBaseService`1_GetPages_11.InvokeMethodOnTarget()
   at Castle.DynamicProxy.AbstractInvocation.Proceed()
   at Castle.Proxies.IBaseService`1Proxy_11.GetPages(Expression`1 where, PageParm parm)
   at Taihe.System.Hostd.Controllers.System.OptionsController.Query(OptionsQueryDto parm) in D:\SourceCode\Taihe.System\Taihe.System.Hostd\Controllers\System\OptionController.cs:line 59
   at lambda_method1102(Closure , Object , Object[] )
   at Microsoft.AspNetCore.Mvc.Infrastructure.ActionMethodExecutor.SyncActionResultExecutor.Execute(IActionResultTypeMapper mapper, ObjectMethodExecutor executor, Object controller, Object[] arguments)
   at Microsoft.AspNetCore.Mvc.Infrastructure.ControllerActionInvoker.InvokeActionMethodAsync()
   at Microsoft.AspNetCore.Mvc.Infrastructure.ControllerActionInvoker.Next(State& next, Scope& scope, Object& state, Boolean& isCompleted)
   at Microsoft.AspNetCore.Mvc.Infrastructure.ControllerActionInvoker.InvokeNextActionFilterAsync()
--- End of stack trace from previous location ---
   at Microsoft.AspNetCore.Mvc.Infrastructure.ControllerActionInvoker.Rethrow(ActionExecutedContextSealed context)
   at Microsoft.AspNetCore.Mvc.Infrastructure.ControllerActionInvoker.Next(State& next, Scope& scope, Object& state, Boolean& isCompleted)
   at Microsoft.AspNetCore.Mvc.Infrastructure.ControllerActionInvoker.InvokeInnerFilterAsync()
--- End of stack trace from previous location ---
   at Microsoft.AspNetCore.Mvc.Infrastructure.ResourceInvoker.<InvokeNextExceptionFilterAsync>g__Awaited|25_0(ResourceInvoker invoker, Task lastTask, State next, Scope scope, Object state, Boolean isCompleted)


**************************************************************************************************************************
 日志时间 ： 2021-01-14 09:58:24.6913 
 日志来源 ： Taihe.System.Hostd.Global.GlobalExceptions 
 日志级别 ： ERROR 
 日志内容 ： 
【自定义错误】：关键字 'option' 附近有语法错误。 
【异常类型】：SqlException 
【异常信息】：关键字 'option' 附近有语法错误。 
【堆栈调用】：   at SqlSugar.AdoProvider.GetDataReader(String sql, SugarParameter[] parameters)
   at SqlSugar.QueryableProvider`1.GetData[TResult](KeyValuePair`2 sqlObj)
   at SqlSugar.QueryableProvider`1._ToList[TResult]()
   at SqlSugar.QueryableProvider`1.ToList()
   at SqlSugar.QueryableProvider`1.ToPageList(Int32 pageIndex, Int32 pageSize)
   at Taihe.System.Interfaces.QueryableExtension.ToPage[T](ISugarQueryable`1 source, PageParm parm) in D:\SourceCode\Taihe.System\Taihe.System.Interfaces\Extensions\QueryableExtension.cs:line 67
   at Taihe.System.Interfaces.BaseService`1.GetPages(Expression`1 where, PageParm parm) in D:\SourceCode\Taihe.System\Taihe.System.Interfaces\BaseService.cs:line 215
   at Castle.Proxies.Invocations.IBaseService`1_GetPages_11.InvokeMethodOnTarget()
   at Castle.DynamicProxy.AbstractInvocation.Proceed()
   at Castle.Proxies.IBaseService`1Proxy_11.GetPages(Expression`1 where, PageParm parm)
   at Taihe.System.Hostd.Controllers.System.OptionsController.Query(OptionsQueryDto parm) in D:\SourceCode\Taihe.System\Taihe.System.Hostd\Controllers\System\OptionController.cs:line 59
   at lambda_method1102(Closure , Object , Object[] )
   at Microsoft.AspNetCore.Mvc.Infrastructure.ActionMethodExecutor.SyncActionResultExecutor.Execute(IActionResultTypeMapper mapper, ObjectMethodExecutor executor, Object controller, Object[] arguments)
   at Microsoft.AspNetCore.Mvc.Infrastructure.ControllerActionInvoker.InvokeActionMethodAsync()
   at Microsoft.AspNetCore.Mvc.Infrastructure.ControllerActionInvoker.Next(State& next, Scope& scope, Object& state, Boolean& isCompleted)
   at Microsoft.AspNetCore.Mvc.Infrastructure.ControllerActionInvoker.InvokeNextActionFilterAsync()
--- End of stack trace from previous location ---
   at Microsoft.AspNetCore.Mvc.Infrastructure.ControllerActionInvoker.Rethrow(ActionExecutedContextSealed context)
   at Microsoft.AspNetCore.Mvc.Infrastructure.ControllerActionInvoker.Next(State& next, Scope& scope, Object& state, Boolean& isCompleted)
   at Microsoft.AspNetCore.Mvc.Infrastructure.ControllerActionInvoker.InvokeInnerFilterAsync()
--- End of stack trace from previous location ---
   at Microsoft.AspNetCore.Mvc.Infrastructure.ResourceInvoker.<InvokeNextExceptionFilterAsync>g__Awaited|25_0(ResourceInvoker invoker, Task lastTask, State next, Scope scope, Object state, Boolean isCompleted)


**************************************************************************************************************************
 日志时间 ： 2021-01-14 18:32:22.4132 
 日志来源 ： TaiheSystem.CBE.Api.Hostd.Global.GlobalExceptions 
 日志级别 ： ERROR 
 日志内容 ： 
【自定义错误】：Value cannot be null. (Parameter 'path1') 
【异常类型】：ArgumentNullException 
【异常信息】：Value cannot be null. (Parameter 'path1') 
【堆栈调用】：   at System.IO.Path.Combine(String path1, String path2, String path3)
   at TaiheSystem.CBE.Api.Hostd.Controllers.Sys.FileController.DownImg(IWebHostEnvironment environment) in D:\SourceCode\TaiheSystem.CBE.Api\TaiheSystem.CBE.Api.Hostd\Controllers\Sys\FileController.cs:line 31
   at lambda_method589(Closure , Object , Object[] )
   at Microsoft.AspNetCore.Mvc.Infrastructure.ActionMethodExecutor.SyncActionResultExecutor.Execute(IActionResultTypeMapper mapper, ObjectMethodExecutor executor, Object controller, Object[] arguments)
   at Microsoft.AspNetCore.Mvc.Infrastructure.ControllerActionInvoker.InvokeActionMethodAsync()
   at Microsoft.AspNetCore.Mvc.Infrastructure.ControllerActionInvoker.Next(State& next, Scope& scope, Object& state, Boolean& isCompleted)
   at Microsoft.AspNetCore.Mvc.Infrastructure.ControllerActionInvoker.InvokeNextActionFilterAsync()
--- End of stack trace from previous location ---
   at Microsoft.AspNetCore.Mvc.Infrastructure.ControllerActionInvoker.Rethrow(ActionExecutedContextSealed context)
   at Microsoft.AspNetCore.Mvc.Infrastructure.ControllerActionInvoker.Next(State& next, Scope& scope, Object& state, Boolean& isCompleted)
   at Microsoft.AspNetCore.Mvc.Infrastructure.ControllerActionInvoker.InvokeInnerFilterAsync()
--- End of stack trace from previous location ---
   at Microsoft.AspNetCore.Mvc.Infrastructure.ResourceInvoker.<InvokeNextExceptionFilterAsync>g__Awaited|25_0(ResourceInvoker invoker, Task lastTask, State next, Scope scope, Object state, Boolean isCompleted)


**************************************************************************************************************************
 日志时间 ： 2021-01-14 18:37:15.6678 
 日志来源 ： TaiheSystem.CBE.Api.Hostd.Global.GlobalExceptions 
 日志级别 ： ERROR 
 日志内容 ： 
【自定义错误】：Could not find file 'D:\SourceCode\TaiheSystem.CBE.Api\TaiheSystem.CBE.Api.Hostd\测试下载中文名称的图片.png'. 
【异常类型】：FileNotFoundException 
【异常信息】：Could not find file 'D:\SourceCode\TaiheSystem.CBE.Api\TaiheSystem.CBE.Api.Hostd\测试下载中文名称的图片.png'. 
【堆栈调用】：   at System.IO.FileStream.ValidateFileHandle(SafeFileHandle fileHandle)
   at System.IO.FileStream.CreateFileOpenHandle(FileMode mode, FileShare share, FileOptions options)
   at System.IO.FileStream..ctor(String path, FileMode mode, FileAccess access, FileShare share, Int32 bufferSize, FileOptions options)
   at System.IO.FileStream..ctor(String path, FileMode mode, FileAccess access, FileShare share)
   at System.IO.File.OpenRead(String path)
   at TaiheSystem.CBE.Api.Hostd.Controllers.Sys.FileController.DownImg(IWebHostEnvironment environment) in D:\SourceCode\TaiheSystem.CBE.Api\TaiheSystem.CBE.Api.Hostd\Controllers\Sys\FileController.cs:line 32
   at lambda_method589(Closure , Object , Object[] )
   at Microsoft.AspNetCore.Mvc.Infrastructure.ActionMethodExecutor.SyncActionResultExecutor.Execute(IActionResultTypeMapper mapper, ObjectMethodExecutor executor, Object controller, Object[] arguments)
   at Microsoft.AspNetCore.Mvc.Infrastructure.ControllerActionInvoker.InvokeActionMethodAsync()
   at Microsoft.AspNetCore.Mvc.Infrastructure.ControllerActionInvoker.Next(State& next, Scope& scope, Object& state, Boolean& isCompleted)
   at Microsoft.AspNetCore.Mvc.Infrastructure.ControllerActionInvoker.InvokeNextActionFilterAsync()
--- End of stack trace from previous location ---
   at Microsoft.AspNetCore.Mvc.Infrastructure.ControllerActionInvoker.Rethrow(ActionExecutedContextSealed context)
   at Microsoft.AspNetCore.Mvc.Infrastructure.ControllerActionInvoker.Next(State& next, Scope& scope, Object& state, Boolean& isCompleted)
   at Microsoft.AspNetCore.Mvc.Infrastructure.ControllerActionInvoker.InvokeInnerFilterAsync()
--- End of stack trace from previous location ---
   at Microsoft.AspNetCore.Mvc.Infrastructure.ResourceInvoker.<InvokeNextExceptionFilterAsync>g__Awaited|25_0(ResourceInvoker invoker, Task lastTask, State next, Scope scope, Object state, Boolean isCompleted)


**************************************************************************************************************************
 日志时间 ： 2021-01-14 18:42:36.6026 
 日志来源 ： TaiheSystem.CBE.Api.Hostd.Global.GlobalExceptions 
 日志级别 ： ERROR 
 日志内容 ： 
【自定义错误】：Incorrect Content-Type:  
【异常类型】：InvalidOperationException 
【异常信息】：Incorrect Content-Type:  
【堆栈调用】：   at Microsoft.AspNetCore.Http.Features.FormFeature.ReadForm()
   at Microsoft.AspNetCore.Http.DefaultHttpRequest.get_Form()
   at TaiheSystem.CBE.Api.Hostd.Controllers.Sys.FileController.InsertPicture(IWebHostEnvironment environment) in D:\SourceCode\TaiheSystem.CBE.Api\TaiheSystem.CBE.Api.Hostd\Controllers\Sys\FileController.cs:line 66
   at lambda_method591(Closure , Object , Object[] )
   at Microsoft.AspNetCore.Mvc.Infrastructure.ActionMethodExecutor.SyncActionResultExecutor.Execute(IActionResultTypeMapper mapper, ObjectMethodExecutor executor, Object controller, Object[] arguments)
   at Microsoft.AspNetCore.Mvc.Infrastructure.ControllerActionInvoker.InvokeActionMethodAsync()
   at Microsoft.AspNetCore.Mvc.Infrastructure.ControllerActionInvoker.Next(State& next, Scope& scope, Object& state, Boolean& isCompleted)
   at Microsoft.AspNetCore.Mvc.Infrastructure.ControllerActionInvoker.InvokeNextActionFilterAsync()
--- End of stack trace from previous location ---
   at Microsoft.AspNetCore.Mvc.Infrastructure.ControllerActionInvoker.Rethrow(ActionExecutedContextSealed context)
   at Microsoft.AspNetCore.Mvc.Infrastructure.ControllerActionInvoker.Next(State& next, Scope& scope, Object& state, Boolean& isCompleted)
   at Microsoft.AspNetCore.Mvc.Infrastructure.ControllerActionInvoker.InvokeInnerFilterAsync()
--- End of stack trace from previous location ---
   at Microsoft.AspNetCore.Mvc.Infrastructure.ResourceInvoker.<InvokeNextExceptionFilterAsync>g__Awaited|25_0(ResourceInvoker invoker, Task lastTask, State next, Scope scope, Object state, Boolean isCompleted)


**************************************************************************************************************************
 日志时间 ： 2021-01-14 18:44:09.9246 
 日志来源 ： TaiheSystem.CBE.Api.Hostd.Global.GlobalExceptions 
 日志级别 ： ERROR 
 日志内容 ： 
【自定义错误】：Value cannot be null. (Parameter 'path1') 
【异常类型】：ArgumentNullException 
【异常信息】：Value cannot be null. (Parameter 'path1') 
【堆栈调用】：   at System.IO.Path.Combine(String path1, String path2)
   at TaiheSystem.CBE.Api.Hostd.Controllers.Sys.FileController.InsertPicture(IWebHostEnvironment environment) in D:\SourceCode\TaiheSystem.CBE.Api\TaiheSystem.CBE.Api.Hostd\Controllers\Sys\FileController.cs:line 75
   at lambda_method591(Closure , Object , Object[] )
   at Microsoft.AspNetCore.Mvc.Infrastructure.ActionMethodExecutor.SyncActionResultExecutor.Execute(IActionResultTypeMapper mapper, ObjectMethodExecutor executor, Object controller, Object[] arguments)
   at Microsoft.AspNetCore.Mvc.Infrastructure.ControllerActionInvoker.InvokeActionMethodAsync()
   at Microsoft.AspNetCore.Mvc.Infrastructure.ControllerActionInvoker.Next(State& next, Scope& scope, Object& state, Boolean& isCompleted)
   at Microsoft.AspNetCore.Mvc.Infrastructure.ControllerActionInvoker.InvokeNextActionFilterAsync()
--- End of stack trace from previous location ---
   at Microsoft.AspNetCore.Mvc.Infrastructure.ControllerActionInvoker.Rethrow(ActionExecutedContextSealed context)
   at Microsoft.AspNetCore.Mvc.Infrastructure.ControllerActionInvoker.Next(State& next, Scope& scope, Object& state, Boolean& isCompleted)
   at Microsoft.AspNetCore.Mvc.Infrastructure.ControllerActionInvoker.InvokeInnerFilterAsync()
--- End of stack trace from previous location ---
   at Microsoft.AspNetCore.Mvc.Infrastructure.ResourceInvoker.<InvokeNextExceptionFilterAsync>g__Awaited|25_0(ResourceInvoker invoker, Task lastTask, State next, Scope scope, Object state, Boolean isCompleted)


**************************************************************************************************************************
 日志时间 ： 2021-01-14 18:51:48.0314 
 日志来源 ： TaiheSystem.CBE.Api.Hostd.Global.GlobalExceptions 
 日志级别 ： ERROR 
 日志内容 ： 
【自定义错误】：Incorrect Content-Type:  
【异常类型】：InvalidOperationException 
【异常信息】：Incorrect Content-Type:  
【堆栈调用】：   at Microsoft.AspNetCore.Http.Features.FormFeature.ReadForm()
   at Microsoft.AspNetCore.Http.DefaultHttpRequest.get_Form()
   at TaiheSystem.CBE.Api.Hostd.Controllers.Sys.FileController.UploadFleAsync(IWebHostEnvironment environment) in D:\SourceCode\TaiheSystem.CBE.Api\TaiheSystem.CBE.Api.Hostd\Controllers\Sys\FileController.cs:line 127
   at lambda_method592(Closure , Object )
   at Microsoft.AspNetCore.Mvc.Infrastructure.ActionMethodExecutor.AwaitableObjectResultExecutor.Execute(IActionResultTypeMapper mapper, ObjectMethodExecutor executor, Object controller, Object[] arguments)
   at Microsoft.AspNetCore.Mvc.Infrastructure.ControllerActionInvoker.<InvokeActionMethodAsync>g__Awaited|12_0(ControllerActionInvoker invoker, ValueTask`1 actionResultValueTask)
   at Microsoft.AspNetCore.Mvc.Infrastructure.ControllerActionInvoker.<InvokeNextActionFilterAsync>g__Awaited|10_0(ControllerActionInvoker invoker, Task lastTask, State next, Scope scope, Object state, Boolean isCompleted)
   at Microsoft.AspNetCore.Mvc.Infrastructure.ControllerActionInvoker.Rethrow(ActionExecutedContextSealed context)
   at Microsoft.AspNetCore.Mvc.Infrastructure.ControllerActionInvoker.Next(State& next, Scope& scope, Object& state, Boolean& isCompleted)
   at Microsoft.AspNetCore.Mvc.Infrastructure.ControllerActionInvoker.InvokeInnerFilterAsync()
--- End of stack trace from previous location ---
   at Microsoft.AspNetCore.Mvc.Infrastructure.ResourceInvoker.<InvokeNextExceptionFilterAsync>g__Awaited|25_0(ResourceInvoker invoker, Task lastTask, State next, Scope scope, Object state, Boolean isCompleted)


