**************************************************************************************************************************
 日志时间 ： 2021-01-28 11:26:58.0816 
 日志来源 ： Microsoft.AspNetCore.Diagnostics.DeveloperExceptionPageMiddleware 
 日志级别 ： ERROR 
 日志内容 ： An unhandled exception has occurred while executing the request.

**************************************************************************************************************************
 日志时间 ： 2021-01-28 11:27:00.1345 
 日志来源 ： Microsoft.AspNetCore.Diagnostics.DeveloperExceptionPageMiddleware 
 日志级别 ： ERROR 
 日志内容 ： An unhandled exception has occurred while executing the request.

**************************************************************************************************************************
 日志时间 ： 2021-01-28 18:30:59.6828 
 日志来源 ： TaiheSystem.CBE.Api.Hostd.Global.GlobalExceptions 
 日志级别 ： ERROR 
 日志内容 ： 
【自定义错误】：There is no row at position 0. 
【异常类型】：IndexOutOfRangeException 
【异常信息】：There is no row at position 0. 
【堆栈调用】：   at System.Data.RBTree`1.GetNodeByIndex(Int32 userIndex)
   at System.Data.DataRowCollection.get_Item(Int32 index)
   at TaiheSystem.CBE.Api.Hostd.Controllers.Main.AuditContractController.GetBaseMandays(String ContractItemID, String RiskIndex) in D:\SourceCode\Taihe.CBE.API\TaiheSystem.CBE.Api.Hostd\Controllers\Main\AuditContractController.cs:line 155
   at lambda_method623(Closure , Object , Object[] )
   at Microsoft.AspNetCore.Mvc.Infrastructure.ActionMethodExecutor.SyncActionResultExecutor.Execute(IActionResultTypeMapper mapper, ObjectMethodExecutor executor, Object controller, Object[] arguments)
   at Microsoft.AspNetCore.Mvc.Infrastructure.ControllerActionInvoker.InvokeActionMethodAsync()
   at Microsoft.AspNetCore.Mvc.Infrastructure.ControllerActionInvoker.Next(State& next, Scope& scope, Object& state, Boolean& isCompleted)
   at Microsoft.AspNetCore.Mvc.Infrastructure.ControllerActionInvoker.InvokeNextActionFilterAsync()
--- End of stack trace from previous location ---
   at Microsoft.AspNetCore.Mvc.Infrastructure.ControllerActionInvoker.Rethrow(ActionExecutedContextSealed context)
   at Microsoft.AspNetCore.Mvc.Infrastructure.ControllerActionInvoker.Next(State& next, Scope& scope, Object& state, Boolean& isCompleted)
   at Microsoft.AspNetCore.Mvc.Infrastructure.ControllerActionInvoker.InvokeInnerFilterAsync()
--- End of stack trace from previous location ---
   at Microsoft.AspNetCore.Mvc.Infrastructure.ResourceInvoker.<InvokeNextExceptionFilterAsync>g__Awaited|25_0(ResourceInvoker invoker, Task lastTask, State next, Scope scope, Object state, Boolean isCompleted)


**************************************************************************************************************************
 日志时间 ： 2021-01-28 18:31:50.9842 
 日志来源 ： TaiheSystem.CBE.Api.Hostd.Global.GlobalExceptions 
 日志级别 ： ERROR 
 日志内容 ： 
【自定义错误】：There is no row at position 0. 
【异常类型】：IndexOutOfRangeException 
【异常信息】：There is no row at position 0. 
【堆栈调用】：   at System.Data.RBTree`1.GetNodeByIndex(Int32 userIndex)
   at System.Data.DataRowCollection.get_Item(Int32 index)
   at TaiheSystem.CBE.Api.Hostd.Controllers.Main.AuditContractController.GetBaseMandays(String ContractItemID, String RiskIndex)
   at lambda_method623(Closure , Object , Object[] )
   at Microsoft.AspNetCore.Mvc.Infrastructure.ActionMethodExecutor.SyncActionResultExecutor.Execute(IActionResultTypeMapper mapper, ObjectMethodExecutor executor, Object controller, Object[] arguments)
   at Microsoft.AspNetCore.Mvc.Infrastructure.ControllerActionInvoker.InvokeActionMethodAsync()
   at Microsoft.AspNetCore.Mvc.Infrastructure.ControllerActionInvoker.Next(State& next, Scope& scope, Object& state, Boolean& isCompleted)
   at Microsoft.AspNetCore.Mvc.Infrastructure.ControllerActionInvoker.InvokeNextActionFilterAsync()
--- End of stack trace from previous location ---
   at Microsoft.AspNetCore.Mvc.Infrastructure.ControllerActionInvoker.Rethrow(ActionExecutedContextSealed context)
   at Microsoft.AspNetCore.Mvc.Infrastructure.ControllerActionInvoker.Next(State& next, Scope& scope, Object& state, Boolean& isCompleted)
   at Microsoft.AspNetCore.Mvc.Infrastructure.ControllerActionInvoker.InvokeInnerFilterAsync()
--- End of stack trace from previous location ---
   at Microsoft.AspNetCore.Mvc.Infrastructure.ResourceInvoker.<InvokeNextExceptionFilterAsync>g__Awaited|25_0(ResourceInvoker invoker, Task lastTask, State next, Scope scope, Object state, Boolean isCompleted)


