**************************************************************************************************************************
 日志时间 ： 2021-01-18 17:36:17.6763 
 日志来源 ： TaiheSystem.CBE.Api.Hostd.Global.GlobalExceptions 
 日志级别 ： ERROR 
 日志内容 ： 
【自定义错误】：Index and length must refer to a location within the string. (Parameter 'length') 
【异常类型】：ArgumentOutOfRangeException 
【异常信息】：Index and length must refer to a location within the string. (Parameter 'length') 
【堆栈调用】：   at System.String.Substring(Int32 startIndex, Int32 length)
   at TaiheSystem.CBE.Api.Hostd.Common.SerialNoHelper.Generate(String serialno) in D:\SourceCode\Taihe.CBE.API\TaiheSystem.CBE.Api.Hostd\Common\SerialNoHelper.cs:line 65
   at TaiheSystem.CBE.Api.Hostd.Controllers.Basic.CompanyController.Create(CompanyCreateDto parm) in D:\SourceCode\Taihe.CBE.API\TaiheSystem.CBE.Api.Hostd\Controllers\Basic\CompanyController.cs:line 120
   at lambda_method595(Closure , Object , Object[] )
   at Microsoft.AspNetCore.Mvc.Infrastructure.ActionMethodExecutor.SyncActionResultExecutor.Execute(IActionResultTypeMapper mapper, ObjectMethodExecutor executor, Object controller, Object[] arguments)
   at Microsoft.AspNetCore.Mvc.Infrastructure.ControllerActionInvoker.InvokeActionMethodAsync()
   at Microsoft.AspNetCore.Mvc.Infrastructure.ControllerActionInvoker.Next(State& next, Scope& scope, Object& state, Boolean& isCompleted)
   at Microsoft.AspNetCore.Mvc.Infrastructure.ControllerActionInvoker.InvokeNextActionFilterAsync()
--- End of stack trace from previous location ---
   at Microsoft.AspNetCore.Mvc.Infrastructure.ControllerActionInvoker.Rethrow(ActionExecutedContextSealed context)
   at Microsoft.AspNetCore.Mvc.Infrastructure.ControllerActionInvoker.Next(State& next, Scope& scope, Object& state, Boolean& isCompleted)
   at Microsoft.AspNetCore.Mvc.Infrastructure.ControllerActionInvoker.InvokeInnerFilterAsync()
--- End of stack trace from previous location ---
   at Microsoft.AspNetCore.Mvc.Infrastructure.ResourceInvoker.<InvokeNextExceptionFilterAsync>g__Awaited|25_0(ResourceInvoker invoker, Task lastTask, State next, Scope scope, Object state, Boolean isCompleted)


**************************************************************************************************************************
 日志时间 ： 2021-01-18 17:38:48.5412 
 日志来源 ： TaiheSystem.CBE.Api.Hostd.Global.GlobalExceptions 
 日志级别 ： ERROR 
 日志内容 ： 
【自定义错误】：GetSessionItem : UserInfo has Exception 
【异常类型】：Exception 
【异常信息】：GetSessionItem : UserInfo has Exception 
【堆栈调用】：   at TaiheSystem.CBE.Api.Hostd.Extensions.TokenManager.GetSessionItem[T](String key) in D:\SourceCode\Taihe.CBE.API\TaiheSystem.CBE.Api.Hostd\Extensions\TokenManager.cs:line 321
   at TaiheSystem.CBE.Api.Hostd.Extensions.TokenManager.GetSessionInfo() in D:\SourceCode\Taihe.CBE.API\TaiheSystem.CBE.Api.Hostd\Extensions\TokenManager.cs:line 287
   at TaiheSystem.CBE.Api.Hostd.Controllers.Basic.CompanyController.Create(CompanyCreateDto parm) in D:\SourceCode\Taihe.CBE.API\TaiheSystem.CBE.Api.Hostd\Controllers\Basic\CompanyController.cs:line 111
   at lambda_method595(Closure , Object , Object[] )
   at Microsoft.AspNetCore.Mvc.Infrastructure.ActionMethodExecutor.SyncActionResultExecutor.Execute(IActionResultTypeMapper mapper, ObjectMethodExecutor executor, Object controller, Object[] arguments)
   at Microsoft.AspNetCore.Mvc.Infrastructure.ControllerActionInvoker.InvokeActionMethodAsync()
   at Microsoft.AspNetCore.Mvc.Infrastructure.ControllerActionInvoker.Next(State& next, Scope& scope, Object& state, Boolean& isCompleted)
   at Microsoft.AspNetCore.Mvc.Infrastructure.ControllerActionInvoker.InvokeNextActionFilterAsync()
--- End of stack trace from previous location ---
   at Microsoft.AspNetCore.Mvc.Infrastructure.ControllerActionInvoker.Rethrow(ActionExecutedContextSealed context)
   at Microsoft.AspNetCore.Mvc.Infrastructure.ControllerActionInvoker.Next(State& next, Scope& scope, Object& state, Boolean& isCompleted)
   at Microsoft.AspNetCore.Mvc.Infrastructure.ControllerActionInvoker.InvokeInnerFilterAsync()
--- End of stack trace from previous location ---
   at Microsoft.AspNetCore.Mvc.Infrastructure.ResourceInvoker.<InvokeNextExceptionFilterAsync>g__Awaited|25_0(ResourceInvoker invoker, Task lastTask, State next, Scope scope, Object state, Boolean isCompleted)


**************************************************************************************************************************
 日志时间 ： 2021-01-18 17:39:25.4193 
 日志来源 ： TaiheSystem.CBE.Api.Hostd.Global.GlobalExceptions 
 日志级别 ： ERROR 
 日志内容 ： 
【自定义错误】：GetSessionItem : UserInfo has Exception 
【异常类型】：Exception 
【异常信息】：GetSessionItem : UserInfo has Exception 
【堆栈调用】：   at TaiheSystem.CBE.Api.Hostd.Extensions.TokenManager.GetSessionItem[T](String key) in D:\SourceCode\Taihe.CBE.API\TaiheSystem.CBE.Api.Hostd\Extensions\TokenManager.cs:line 321
   at TaiheSystem.CBE.Api.Hostd.Extensions.TokenManager.GetSessionInfo() in D:\SourceCode\Taihe.CBE.API\TaiheSystem.CBE.Api.Hostd\Extensions\TokenManager.cs:line 287
   at TaiheSystem.CBE.Api.Hostd.Controllers.Basic.CompanyController.Create(CompanyCreateDto parm) in D:\SourceCode\Taihe.CBE.API\TaiheSystem.CBE.Api.Hostd\Controllers\Basic\CompanyController.cs:line 123
   at lambda_method595(Closure , Object , Object[] )
   at Microsoft.AspNetCore.Mvc.Infrastructure.ActionMethodExecutor.SyncActionResultExecutor.Execute(IActionResultTypeMapper mapper, ObjectMethodExecutor executor, Object controller, Object[] arguments)
   at Microsoft.AspNetCore.Mvc.Infrastructure.ControllerActionInvoker.InvokeActionMethodAsync()
   at Microsoft.AspNetCore.Mvc.Infrastructure.ControllerActionInvoker.Next(State& next, Scope& scope, Object& state, Boolean& isCompleted)
   at Microsoft.AspNetCore.Mvc.Infrastructure.ControllerActionInvoker.InvokeNextActionFilterAsync()
--- End of stack trace from previous location ---
   at Microsoft.AspNetCore.Mvc.Infrastructure.ControllerActionInvoker.Rethrow(ActionExecutedContextSealed context)
   at Microsoft.AspNetCore.Mvc.Infrastructure.ControllerActionInvoker.Next(State& next, Scope& scope, Object& state, Boolean& isCompleted)
   at Microsoft.AspNetCore.Mvc.Infrastructure.ControllerActionInvoker.InvokeInnerFilterAsync()
--- End of stack trace from previous location ---
   at Microsoft.AspNetCore.Mvc.Infrastructure.ResourceInvoker.<InvokeNextExceptionFilterAsync>g__Awaited|25_0(ResourceInvoker invoker, Task lastTask, State next, Scope scope, Object state, Boolean isCompleted)


